0 verbose cli C:\Program Files\nodejs\node.exe C:\Program Files\nodejs\node_modules\npm\bin\npm-cli.js
1 info using npm@10.9.2
2 info using node@v22.14.0
3 silly config load:file:C:\Program Files\nodejs\node_modules\npm\npmrc
4 silly config load:file:D:\nura ai\.npmrc
5 silly config load:file:C:\Users\wafam\.npmrc
6 silly config load:file:C:\Users\wafam\AppData\Roaming\npm\etc\npmrc
7 verbose title npm install pdf-parse@1.1.1
8 verbose argv "install" "pdf-parse@1.1.1"
9 verbose logfile logs-max:10 dir:d:\nura ai\.npm-cache\_logs\2026-03-08T16_32_07_943Z-
10 verbose logfile d:\nura ai\.npm-cache\_logs\2026-03-08T16_32_07_943Z-debug-0.log
11 silly logfile start cleaning logs, removing 1 files
12 silly packumentCache heap:4345298944 maxSize:1086324736 maxEntrySize:543162368
13 silly logfile done cleaning log files
14 silly idealTree buildDeps
15 silly fetch manifest pdf-parse@1.1.1
16 silly packumentCache full:https://registry.npmjs.org/pdf-parse cache-miss
17 http fetch GET 200 https://registry.npmjs.org/pdf-parse 359ms (cache miss)
18 silly packumentCache full:https://registry.npmjs.org/pdf-parse set size:undefined disposed:false
19 silly placeDep ROOT pdf-parse@1.1.1 REPLACE for: nura-app@0.1.0 want: 1.1.1
20 silly fetch manifest debug@^3.1.0
21 silly packumentCache full:https://registry.npmjs.org/debug cache-miss
22 silly fetch manifest node-ensure@^0.0.0
23 silly packumentCache full:https://registry.npmjs.org/node-ensure cache-miss
24 http fetch GET 200 https://registry.npmjs.org/debug 374ms (cache revalidated)
25 silly packumentCache full:https://registry.npmjs.org/debug set size:195840 disposed:false
26 http fetch GET 200 https://registry.npmjs.org/node-ensure 586ms (cache miss)
27 silly packumentCache full:https://registry.npmjs.org/node-ensure set size:undefined disposed:false
28 silly placeDep node_modules/pdf-parse debug@3.2.7 OK for: pdf-parse@1.1.1 want: ^3.1.0
29 silly placeDep ROOT node-ensure@0.0.0 OK for: pdf-parse@1.1.1 want: ^0.0.0
30 silly reify mark retired [ 'D:\\nura ai\\node_modules\\@napi-rs\\canvas' ]
31 silly reify mark retired [ 'D:\\nura ai\\node_modules\\@napi-rs\\canvas-win32-x64-msvc' ]
32 silly reify mark retired [
32 silly reify   'D:\\nura ai\\node_modules\\pdf-parse',
32 silly reify   'D:\\nura ai\\node_modules\\.bin\\pdf-parse',
32 silly reify   'D:\\nura ai\\node_modules\\.bin\\pdf-parse.cmd',
32 silly reify   'D:\\nura ai\\node_modules\\.bin\\pdf-parse.ps1'
32 silly reify ]
33 silly reify mark retired [ 'D:\\nura ai\\node_modules\\pdfjs-dist' ]
34 silly reify moves {
34 silly reify   'D:\\nura ai\\node_modules\\@napi-rs\\canvas': 'D:\\nura ai\\node_modules\\@napi-rs\\.canvas-68wqBVEG',
34 silly reify   'D:\\nura ai\\node_modules\\@napi-rs\\canvas-win32-x64-msvc': 'D:\\nura ai\\node_modules\\@napi-rs\\.canvas-win32-x64-msvc-n5q8xsbE',
34 silly reify   'D:\\nura ai\\node_modules\\pdf-parse': 'D:\\nura ai\\node_modules\\.pdf-parse-6EWXt23v',
34 silly reify   'D:\\nura ai\\node_modules\\.bin\\pdf-parse': 'D:\\nura ai\\node_modules\\.bin\\.pdf-parse-IKkJsU7l',
34 silly reify   'D:\\nura ai\\node_modules\\.bin\\pdf-parse.cmd': 'D:\\nura ai\\node_modules\\.bin\\.pdf-parse.cmd-26Hr92t8',
34 silly reify   'D:\\nura ai\\node_modules\\.bin\\pdf-parse.ps1': 'D:\\nura ai\\node_modules\\.bin\\.pdf-parse.ps1-O320S33a',
34 silly reify   'D:\\nura ai\\node_modules\\pdfjs-dist': 'D:\\nura ai\\node_modules\\.pdfjs-dist-lG0t36rb'
34 silly reify }
35 verbose reify failed optional dependency D:\nura ai\node_modules\@tailwindcss\oxide-wasm32-wasi
36 silly reify mark deleted [ 'D:\\nura ai\\node_modules\\@tailwindcss\\oxide-wasm32-wasi' ]
37 silly audit bulk request {
37 silly audit   '@alloc/quick-lru': [ '5.2.0' ],
37 silly audit   '@emnapi/core': [ '1.8.1' ],
37 silly audit   '@emnapi/runtime': [ '1.8.1' ],
37 silly audit   '@emnapi/wasi-threads': [ '1.1.0' ],
37 silly audit   '@eslint-community/eslint-utils': [ '4.9.1' ],
37 silly audit   'eslint-visitor-keys': [ '3.4.3', '5.0.1', '4.2.1' ],
37 silly audit   '@eslint-community/regexpp': [ '4.12.2' ],
37 silly audit   '@eslint/config-array': [ '0.21.1' ],
37 silly audit   '@eslint/config-helpers': [ '0.4.2' ],
37 silly audit   '@eslint/core': [ '0.17.0' ],
37 silly audit   '@eslint/eslintrc': [ '3.3.4' ],
37 silly audit   '@eslint/js': [ '9.39.3' ],
37 silly audit   '@eslint/object-schema': [ '2.1.7' ],
37 silly audit   '@eslint/plugin-kit': [ '0.4.1' ],
37 silly audit   '@humanfs/core': [ '0.19.1' ],
37 silly audit   '@humanfs/node': [ '0.16.7' ],
37 silly audit   '@humanwhocodes/module-importer': [ '1.0.1' ],
37 silly audit   '@humanwhocodes/retry': [ '0.4.3' ],
37 silly audit   '@img/colour': [ '1.1.0' ],
37 silly audit   '@img/sharp-darwin-arm64': [ '0.34.5' ],
37 silly audit   '@img/sharp-darwin-x64': [ '0.34.5' ],
37 silly audit   '@img/sharp-libvips-darwin-arm64': [ '1.2.4' ],
37 silly audit   '@img/sharp-libvips-darwin-x64': [ '1.2.4' ],
37 silly audit   '@img/sharp-libvips-linux-arm': [ '1.2.4' ],
37 silly audit   '@img/sharp-libvips-linux-arm64': [ '1.2.4' ],
37 silly audit   '@img/sharp-libvips-linux-ppc64': [ '1.2.4' ],
37 silly audit   '@img/sharp-libvips-linux-riscv64': [ '1.2.4' ],
37 silly audit   '@img/sharp-libvips-linux-s390x': [ '1.2.4' ],
37 silly audit   '@img/sharp-libvips-linux-x64': [ '1.2.4' ],
37 silly audit   '@img/sharp-libvips-linuxmusl-arm64': [ '1.2.4' ],
37 silly audit   '@img/sharp-libvips-linuxmusl-x64': [ '1.2.4' ],
37 silly audit   '@img/sharp-linux-arm': [ '0.34.5' ],
37 silly audit   '@img/sharp-linux-arm64': [ '0.34.5' ],
37 silly audit   '@img/sharp-linux-ppc64': [ '0.34.5' ],
37 silly audit   '@img/sharp-linux-riscv64': [ '0.34.5' ],
37 silly audit   '@img/sharp-linux-s390x': [ '0.34.5' ],
37 silly audit   '@img/sharp-linux-x64': [ '0.34.5' ],
37 silly audit   '@img/sharp-linuxmusl-arm64': [ '0.34.5' ],
37 silly audit   '@img/sharp-linuxmusl-x64': [ '0.34.5' ],
37 silly audit   '@img/sharp-wasm32': [ '0.34.5' ],
37 silly audit   '@img/sharp-win32-arm64': [ '0.34.5' ],
37 silly audit   '@img/sharp-win32-ia32': [ '0.34.5' ],
37 silly audit   '@img/sharp-win32-x64': [ '0.34.5' ],
37 silly audit   '@jridgewell/gen-mapping': [ '0.3.13' ],
37 silly audit   '@jridgewell/remapping': [ '2.3.5' ],
37 silly audit   '@jridgewell/resolve-uri': [ '3.1.2' ],
37 silly audit   '@jridgewell/sourcemap-codec': [ '1.5.5' ],
37 silly audit   '@jridgewell/trace-mapping': [ '0.3.31' ],
37 silly audit   '@napi-rs/wasm-runtime': [ '0.2.12' ],
37 silly audit   '@next/env': [ '16.1.6' ],
37 silly audit   '@next/eslint-plugin-next': [ '15.1.7' ],
37 silly audit   '@next/swc-darwin-arm64': [ '16.1.6' ],
37 silly audit   '@next/swc-darwin-x64': [ '16.1.6' ],
37 silly audit   '@next/swc-linux-arm64-gnu': [ '16.1.6' ],
37 silly audit   '@next/swc-linux-arm64-musl': [ '16.1.6' ],
37 silly audit   '@next/swc-linux-x64-gnu': [ '16.1.6' ],
37 silly audit   '@next/swc-linux-x64-musl': [ '16.1.6' ],
37 silly audit   '@next/swc-win32-arm64-msvc': [ '16.1.6' ],
37 silly audit   '@next/swc-win32-x64-msvc': [ '16.1.6' ],
37 silly audit   '@nodelib/fs.scandir': [ '2.1.5' ],
37 silly audit   '@nodelib/fs.stat': [ '2.0.5' ],
37 silly audit   '@nodelib/fs.walk': [ '1.2.8' ],
37 silly audit   '@nolyfill/is-core-module': [ '1.0.39' ],
37 silly audit   '@phosphor-icons/react': [ '2.1.10' ],
37 silly audit   '@prisma/client': [ '5.22.0' ],
37 silly audit   '@prisma/debug': [ '5.22.0' ],
37 silly audit   '@prisma/engines': [ '5.22.0' ],
37 silly audit   '@prisma/engines-version': [ '5.22.0-44.605197351a3c8bdd595af2d2a9bc3025bca48ea2' ],
37 silly audit   '@prisma/fetch-engine': [ '5.22.0' ],
37 silly audit   '@prisma/get-platform': [ '5.22.0' ],
37 silly audit   '@rtsao/scc': [ '1.1.0' ],
37 silly audit   '@rushstack/eslint-patch': [ '1.16.1' ],
37 silly audit   '@swc/helpers': [ '0.5.15' ],
37 silly audit   '@tailwindcss/node': [ '4.2.1' ],
37 silly audit   '@tailwindcss/oxide': [ '4.2.1' ],
37 silly audit   '@tailwindcss/oxide-android-arm64': [ '4.2.1' ],
37 silly audit   '@tailwindcss/oxide-darwin-arm64': [ '4.2.1' ],
37 silly audit   '@tailwindcss/oxide-darwin-x64': [ '4.2.1' ],
37 silly audit   '@tailwindcss/oxide-freebsd-x64': [ '4.2.1' ],
37 silly audit   '@tailwindcss/oxide-linux-arm-gnueabihf': [ '4.2.1' ],
37 silly audit   '@tailwindcss/oxide-linux-arm64-gnu': [ '4.2.1' ],
37 silly audit   '@tailwindcss/oxide-linux-arm64-musl': [ '4.2.1' ],
37 silly audit   '@tailwindcss/oxide-linux-x64-gnu': [ '4.2.1' ],
37 silly audit   '@tailwindcss/oxide-linux-x64-musl': [ '4.2.1' ],
37 silly audit   '@tailwindcss/oxide-win32-arm64-msvc': [ '4.2.1' ],
37 silly audit   '@tailwindcss/oxide-win32-x64-msvc': [ '4.2.1' ],
37 silly audit   '@tailwindcss/postcss': [ '4.2.1' ],
37 silly audit   '@tybys/wasm-util': [ '0.10.1' ],
37 silly audit   '@types/estree': [ '1.0.8' ],
37 silly audit   '@types/json-schema': [ '7.0.15' ],
37 silly audit   '@types/json5': [ '0.0.29' ],
37 silly audit   '@types/node': [ '20.19.37' ],
37 silly audit   '@types/react': [ '19.2.14' ],
37 silly audit   '@types/react-dom': [ '19.2.3' ],
37 silly audit   '@typescript-eslint/eslint-plugin': [ '8.56.1' ],
37 silly audit   ignore: [ '7.0.5', '5.3.2' ],
37 silly audit   '@typescript-eslint/parser': [ '8.56.1' ],
37 silly audit   '@typescript-eslint/project-service': [ '8.56.1' ],
37 silly audit   '@typescript-eslint/scope-manager': [ '8.56.1' ],
37 silly audit   '@typescript-eslint/tsconfig-utils': [ '8.56.1' ],
37 silly audit   '@typescript-eslint/type-utils': [ '8.56.1' ],
37 silly audit   '@typescript-eslint/types': [ '8.56.1' ],
37 silly audit   '@typescript-eslint/typescript-estree': [ '8.56.1' ],
37 silly audit   'balanced-match': [ '4.0.4', '1.0.2' ],
37 silly audit   'brace-expansion': [ '5.0.4', '1.1.12' ],
37 silly audit   minimatch: [ '10.2.4', '3.1.5' ],
37 silly audit   '@typescript-eslint/utils': [ '8.56.1' ],
37 silly audit   '@typescript-eslint/visitor-keys': [ '8.56.1' ],
37 silly audit   '@unrs/resolver-binding-android-arm-eabi': [ '1.11.1' ],
37 silly audit   '@unrs/resolver-binding-android-arm64': [ '1.11.1' ],
37 silly audit   '@unrs/resolver-binding-darwin-arm64': [ '1.11.1' ],
37 silly audit   '@unrs/resolver-binding-darwin-x64': [ '1.11.1' ],
37 silly audit   '@unrs/resolver-binding-freebsd-x64': [ '1.11.1' ],
37 silly audit   '@unrs/resolver-binding-linux-arm-gnueabihf': [ '1.11.1' ],
37 silly audit   '@unrs/resolver-binding-linux-arm-musleabihf': [ '1.11.1' ],
37 silly audit   '@unrs/resolver-binding-linux-arm64-gnu': [ '1.11.1' ],
37 silly audit   '@unrs/resolver-binding-linux-arm64-musl': [ '1.11.1' ],
37 silly audit   '@unrs/resolver-binding-linux-ppc64-gnu': [ '1.11.1' ],
37 silly audit   '@unrs/resolver-binding-linux-riscv64-gnu': [ '1.11.1' ],
37 silly audit   '@unrs/resolver-binding-linux-riscv64-musl': [ '1.11.1' ],
37 silly audit   '@unrs/resolver-binding-linux-s390x-gnu': [ '1.11.1' ],
37 silly audit   '@unrs/resolver-binding-linux-x64-gnu': [ '1.11.1' ],
37 silly audit   '@unrs/resolver-binding-linux-x64-musl': [ '1.11.1' ],
37 silly audit   '@unrs/resolver-binding-wasm32-wasi': [ '1.11.1' ],
37 silly audit   '@unrs/resolver-binding-win32-arm64-msvc': [ '1.11.1' ],
37 silly audit   '@unrs/resolver-binding-win32-ia32-msvc': [ '1.11.1' ],
37 silly audit   '@unrs/resolver-binding-win32-x64-msvc': [ '1.11.1' ],
37 silly audit   '@vercel/blob': [ '2.3.1' ],
37 silly audit   '@xmldom/xmldom': [ '0.8.11' ],
37 silly audit   acorn: [ '8.16.0' ],
37 silly audit   'acorn-jsx': [ '5.3.2' ],
37 silly audit   ajv: [ '6.14.0' ],
37 silly audit   'ansi-styles': [ '4.3.0' ],
37 silly audit   argparse: [ '2.0.1', '1.0.10' ],
37 silly audit   'aria-query': [ '5.3.2' ],
37 silly audit   'array-buffer-byte-length': [ '1.0.2' ],
37 silly audit   'array-includes': [ '3.1.9' ],
37 silly audit   'array.prototype.findlast': [ '1.2.5' ],
37 silly audit   'array.prototype.findlastindex': [ '1.2.6' ],
37 silly audit   'array.prototype.flat': [ '1.3.3' ],
37 silly audit   'array.prototype.flatmap': [ '1.3.3' ],
37 silly audit   'array.prototype.tosorted': [ '1.1.4' ],
37 silly audit   'arraybuffer.prototype.slice': [ '1.0.4' ],
37 silly audit   'ast-types-flow': [ '0.0.8' ],
37 silly audit   'async-function': [ '1.0.0' ],
37 silly audit   'async-retry': [ '1.3.3' ],
37 silly audit   'attr-accept': [ '2.2.5' ],
37 silly audit   'available-typed-arrays': [ '1.0.7' ],
37 silly audit   'axe-core': [ '4.11.1' ],
37 silly audit   'axobject-query': [ '4.1.0' ],
37 silly audit   'base64-js': [ '1.5.1', '0.0.8' ],
37 silly audit   'baseline-browser-mapping': [ '2.10.0' ],
37 silly audit   bluebird: [ '3.4.7' ],
37 silly audit   braces: [ '3.0.3' ],
37 silly audit   brotli: [ '1.3.3' ],
37 silly audit   'call-bind': [ '1.0.8' ],
37 silly audit   'call-bind-apply-helpers': [ '1.0.2' ],
37 silly audit   'call-bound': [ '1.0.4' ],
37 silly audit   callsites: [ '3.1.0' ],
37 silly audit   'caniuse-lite': [ '1.0.30001777' ],
37 silly audit   chalk: [ '4.1.2' ],
37 silly audit   'client-only': [ '0.0.1' ],
37 silly audit   clone: [ '2.1.2' ],
37 silly audit   'color-convert': [ '2.0.1' ],
37 silly audit   'color-name': [ '1.1.4' ],
37 silly audit   'concat-map': [ '0.0.1' ],
37 silly audit   'core-util-is': [ '1.0.3' ],
37 silly audit   'cross-spawn': [ '7.0.6' ],
37 silly audit   'crypto-js': [ '4.2.0' ],
37 silly audit   csstype: [ '3.2.3' ],
37 silly audit   'damerau-levenshtein': [ '1.0.8' ],
37 silly audit   'data-view-buffer': [ '1.0.2' ],
37 silly audit   'data-view-byte-length': [ '1.0.2' ],
37 silly audit   'data-view-byte-offset': [ '1.0.1' ],
37 silly audit   debug: [ '4.4.3', '3.2.7' ],
37 silly audit   'deep-is': [ '0.1.4' ],
37 silly audit   'define-data-property': [ '1.1.4' ],
37 silly audit   'define-properties': [ '1.2.1' ],
37 silly audit   'detect-libc': [ '2.1.2' ],
37 silly audit   dfa: [ '1.2.0' ],
37 silly audit   'dingbat-to-unicode': [ '1.0.1' ],
37 silly audit   doctrine: [ '2.1.0' ],
37 silly audit   duck: [ '0.1.12' ],
37 silly audit   'dunder-proto': [ '1.0.1' ],
37 silly audit   'emoji-regex': [ '9.2.2' ],
37 silly audit   'enhanced-resolve': [ '5.20.0' ],
37 silly audit   'es-abstract': [ '1.24.1' ],
37 silly audit   'es-define-property': [ '1.0.1' ],
37 silly audit   'es-errors': [ '1.3.0' ],
37 silly audit   'es-iterator-helpers': [ '1.2.2' ],
37 silly audit   'es-object-atoms': [ '1.1.1' ],
37 silly audit   'es-set-tostringtag': [ '2.1.0' ],
37 silly audit   'es-shim-unscopables': [ '1.1.0' ],
37 silly audit   'es-to-primitive': [ '1.3.0' ],
37 silly audit   'escape-string-regexp': [ '4.0.0' ],
37 silly audit   eslint: [ '9.39.3' ],
37 silly audit   'eslint-config-next': [ '15.1.7' ],
37 silly audit   'eslint-import-resolver-node': [ '0.3.9' ],
37 silly audit   'eslint-import-resolver-typescript': [ '3.10.1' ],
37 silly audit   'eslint-module-utils': [ '2.12.1' ],
37 silly audit   'eslint-plugin-import': [ '2.32.0' ],
37 silly audit   semver: [ '6.3.1', '7.7.4' ],
37 silly audit   'eslint-plugin-jsx-a11y': [ '6.10.2' ],
37 silly audit   'eslint-plugin-react': [ '7.37.5' ],
37 silly audit   'eslint-plugin-react-hooks': [ '5.2.0' ],
37 silly audit   resolve: [ '2.0.0-next.6', '1.22.11' ],
37 silly audit   'eslint-scope': [ '8.4.0' ],
37 silly audit   espree: [ '10.4.0' ],
37 silly audit   esquery: [ '1.7.0' ],
37 silly audit   esrecurse: [ '4.3.0' ],
37 silly audit   estraverse: [ '5.3.0' ],
37 silly audit   esutils: [ '2.0.3' ],
37 silly audit   'fast-deep-equal': [ '3.1.3' ],
37 silly audit   'fast-glob': [ '3.3.1' ],
37 silly audit   'glob-parent': [ '5.1.2', '6.0.2' ],
37 silly audit   'fast-json-stable-stringify': [ '2.1.0' ],
37 silly audit   'fast-levenshtein': [ '2.0.6' ],
37 silly audit   fastq: [ '1.20.1' ],
37 silly audit   'file-entry-cache': [ '8.0.0' ],
37 silly audit   'file-selector': [ '2.1.2' ],
37 silly audit   'fill-range': [ '7.1.1' ],
37 silly audit   'find-up': [ '5.0.0' ],
37 silly audit   'flat-cache': [ '4.0.1' ],
37 silly audit   flatted: [ '3.3.4' ],
37 silly audit   fontkit: [ '2.0.4' ],
37 silly audit   'for-each': [ '0.3.5' ],
37 silly audit   fsevents: [ '2.3.3' ],
37 silly audit   'function-bind': [ '1.1.2' ],
37 silly audit   'function.prototype.name': [ '1.1.8' ],
37 silly audit   'functions-have-names': [ '1.2.3' ],
37 silly audit   'generator-function': [ '2.0.1' ],
37 silly audit   'get-intrinsic': [ '1.3.0' ],
37 silly audit   'get-proto': [ '1.0.1' ],
37 silly audit   'get-symbol-description': [ '1.1.0' ],
37 silly audit   'get-tsconfig': [ '4.13.6' ],
37 silly audit   globals: [ '14.0.0' ],
37 silly audit   globalthis: [ '1.0.4' ],
37 silly audit   gopd: [ '1.2.0' ],
37 silly audit   'graceful-fs': [ '4.2.11' ],
37 silly audit   'has-bigints': [ '1.1.0' ],
37 silly audit   'has-flag': [ '4.0.0' ],
37 silly audit   'has-property-descriptors': [ '1.0.2' ],
37 silly audit   'has-proto': [ '1.2.0' ],
37 silly audit   'has-symbols': [ '1.1.0' ],
37 silly audit   'has-tostringtag': [ '1.0.2' ],
37 silly audit   hasown: [ '2.0.2' ],
37 silly audit   immediate: [ '3.0.6' ],
37 silly audit   'import-fresh': [ '3.3.1' ],
37 silly audit   imurmurhash: [ '0.1.4' ],
37 silly audit   inherits: [ '2.0.4' ],
37 silly audit   'internal-slot': [ '1.1.0' ],
37 silly audit   'is-array-buffer': [ '3.0.5' ],
37 silly audit   'is-async-function': [ '2.1.1' ],
37 silly audit   'is-bigint': [ '1.1.0' ],
37 silly audit   'is-boolean-object': [ '1.2.2' ],
37 silly audit   'is-buffer': [ '2.0.5' ],
37 silly audit   'is-bun-module': [ '2.0.0' ],
37 silly audit   'is-callable': [ '1.2.7' ],
37 silly audit   'is-core-module': [ '2.16.1' ],
37 silly audit   'is-data-view': [ '1.0.2' ],
37 silly audit   'is-date-object': [ '1.1.0' ],
37 silly audit   'is-extglob': [ '2.1.1' ],
37 silly audit   'is-finalizationregistry': [ '1.1.1' ],
37 silly audit   'is-generator-function': [ '1.1.2' ],
37 silly audit   'is-glob': [ '4.0.3' ],
37 silly audit   'is-map': [ '2.0.3' ],
37 silly audit   'is-negative-zero': [ '2.0.3' ],
37 silly audit   'is-node-process': [ '1.2.0' ],
37 silly audit   'is-number': [ '7.0.0' ],
37 silly audit   'is-number-object': [ '1.1.1' ],
37 silly audit   'is-regex': [ '1.2.1' ],
37 silly audit   'is-set': [ '2.0.3' ],
37 silly audit   'is-shared-array-buffer': [ '1.0.4' ],
37 silly audit   'is-string': [ '1.1.1' ],
37 silly audit   'is-symbol': [ '1.1.1' ],
37 silly audit   'is-typed-array': [ '1.1.15' ],
37 silly audit   'is-weakmap': [ '2.0.2' ],
37 silly audit   'is-weakref': [ '1.1.1' ],
37 silly audit   'is-weakset': [ '2.0.4' ],
37 silly audit   isarray: [ '1.0.0', '2.0.5' ],
37 silly audit   isexe: [ '2.0.0' ],
37 silly audit   'iterator.prototype': [ '1.1.5' ],
37 silly audit   jiti: [ '2.6.1' ],
37 silly audit   'jpeg-exif': [ '1.1.4' ],
37 silly audit   'js-tokens': [ '4.0.0' ],
37 silly audit   'js-yaml': [ '4.1.1' ],
37 silly audit   'json-buffer': [ '3.0.1' ],
37 silly audit   'json-schema-traverse': [ '0.4.1' ],
37 silly audit   'json-stable-stringify-without-jsonify': [ '1.0.1' ],
37 silly audit   json5: [ '1.0.2' ],
37 silly audit   'jsx-ast-utils': [ '3.3.5' ],
37 silly audit   jszip: [ '3.10.1' ],
37 silly audit   keyv: [ '4.5.4' ],
37 silly audit   'language-subtag-registry': [ '0.3.23' ],
37 silly audit   'language-tags': [ '1.0.9' ],
37 silly audit   levn: [ '0.4.1' ],
37 silly audit   lie: [ '3.3.0' ],
37 silly audit   lightningcss: [ '1.31.1' ],
37 silly audit   'lightningcss-android-arm64': [ '1.31.1' ],
37 silly audit   'lightningcss-darwin-arm64': [ '1.31.1' ],
37 silly audit   'lightningcss-darwin-x64': [ '1.31.1' ],
37 silly audit   'lightningcss-freebsd-x64': [ '1.31.1' ],
37 silly audit   'lightningcss-linux-arm-gnueabihf': [ '1.31.1' ],
37 silly audit   'lightningcss-linux-arm64-gnu': [ '1.31.1' ],
37 silly audit   'lightningcss-linux-arm64-musl': [ '1.31.1' ],
37 silly audit   'lightningcss-linux-x64-gnu': [ '1.31.1' ],
37 silly audit   'lightningcss-linux-x64-musl': [ '1.31.1' ],
37 silly audit   'lightningcss-win32-arm64-msvc': [ '1.31.1' ],
37 silly audit   'lightningcss-win32-x64-msvc': [ '1.31.1' ],
37 silly audit   linebreak: [ '1.1.0' ],
37 silly audit   'locate-path': [ '6.0.0' ],
37 silly audit   'lodash.merge': [ '4.6.2' ],
37 silly audit   'loose-envify': [ '1.4.0' ],
37 silly audit   lop: [ '0.4.2' ],
37 silly audit   'magic-string': [ '0.30.21' ],
37 silly audit   mammoth: [ '1.11.0' ],
37 silly audit   'math-intrinsics': [ '1.1.0' ],
37 silly audit   merge2: [ '1.4.1' ],
37 silly audit   micromatch: [ '4.0.8' ],
37 silly audit   minimist: [ '1.2.8' ],
37 silly audit   ms: [ '2.1.3' ],
37 silly audit   nanoid: [ '3.3.11' ],
37 silly audit   'napi-postinstall': [ '0.3.4' ],
37 silly audit   'natural-compare': [ '1.4.0' ],
37 silly audit   next: [ '16.1.6' ],
37 silly audit   postcss: [ '8.4.31', '8.5.8' ],
37 silly audit   'node-exports-info': [ '1.6.0' ],
37 silly audit   'object-assign': [ '4.1.1' ],
37 silly audit   'object-inspect': [ '1.13.4' ],
37 silly audit   'object-keys': [ '1.1.1' ],
37 silly audit   'object.assign': [ '4.1.7' ],
37 silly audit   'object.entries': [ '1.1.9' ],
37 silly audit   'object.fromentries': [ '2.0.8' ],
37 silly audit   'object.groupby': [ '1.0.3' ],
37 silly audit   'object.values': [ '1.2.1' ],
37 silly audit   option: [ '0.2.4' ],
37 silly audit   optionator: [ '0.9.4' ],
37 silly audit   'own-keys': [ '1.0.1' ],
37 silly audit   'p-limit': [ '3.1.0' ],
37 silly audit   'p-locate': [ '5.0.0' ],
37 silly audit   pako: [ '1.0.11', '0.2.9' ],
37 silly audit   'parent-module': [ '1.0.1' ],
37 silly audit   'path-exists': [ '4.0.0' ],
37 silly audit   'path-is-absolute': [ '1.0.1' ],
37 silly audit   'path-key': [ '3.1.1' ],
37 silly audit   'path-parse': [ '1.0.7' ],
37 silly audit   pdfkit: [ '0.17.2' ],
37 silly audit   picocolors: [ '1.1.1' ],
37 silly audit   picomatch: [ '2.3.1', '4.0.3' ],
37 silly audit   'png-js': [ '1.0.0' ],
37 silly audit   'possible-typed-array-names': [ '1.1.0' ],
37 silly audit   'prelude-ls': [ '1.2.1' ],
37 silly audit   prisma: [ '5.22.0' ],
37 silly audit   'process-nextick-args': [ '2.0.1' ],
37 silly audit   'prop-types': [ '15.8.1' ],
37 silly audit   punycode: [ '2.3.1' ],
37 silly audit   'queue-microtask': [ '1.2.3' ],
37 silly audit   react: [ '19.0.0' ],
37 silly audit   'react-dom': [ '19.0.0' ],
37 silly audit   'react-dropzone': [ '15.0.0' ],
37 silly audit   'react-is': [ '16.13.1' ],
37 silly audit   'readable-stream': [ '2.3.8' ],
37 silly audit   'reflect.getprototypeof': [ '1.0.10' ],
37 silly audit   'regexp.prototype.flags': [ '1.5.4' ],
37 silly audit   'resolve-from': [ '4.0.0' ],
37 silly audit   'resolve-pkg-maps': [ '1.0.0' ],
37 silly audit   restructure: [ '3.0.2' ],
37 silly audit   retry: [ '0.13.1' ],
37 silly audit   reusify: [ '1.1.0' ],
37 silly audit   'run-parallel': [ '1.2.0' ],
37 silly audit   'safe-array-concat': [ '1.1.3' ],
37 silly audit   'safe-buffer': [ '5.1.2' ],
37 silly audit   'safe-push-apply': [ '1.0.0' ],
37 silly audit   'safe-regex-test': [ '1.1.0' ],
37 silly audit   scheduler: [ '0.25.0' ],
37 silly audit   'set-function-length': [ '1.2.2' ],
37 silly audit   'set-function-name': [ '2.0.2' ],
37 silly audit   'set-proto': [ '1.0.0' ],
37 silly audit   setimmediate: [ '1.0.5' ],
37 silly audit   sharp: [ '0.34.5' ],
37 silly audit   'shebang-command': [ '2.0.0' ],
37 silly audit   'shebang-regex': [ '3.0.0' ],
37 silly audit   'side-channel': [ '1.1.0' ],
37 silly audit   'side-channel-list': [ '1.0.0' ],
37 silly audit   'side-channel-map': [ '1.0.1' ],
37 silly audit   'side-channel-weakmap': [ '1.0.2' ],
37 silly audit   sonner: [ '2.0.7' ],
37 silly audit   'source-map-js': [ '1.2.1' ],
37 silly audit   'sprintf-js': [ '1.0.3' ],
37 silly audit   'stable-hash': [ '0.0.5' ],
37 silly audit   'stop-iteration-iterator': [ '1.1.0' ],
37 silly audit   string_decoder: [ '1.1.1' ],
37 silly audit   'string.prototype.includes': [ '2.0.1' ],
37 silly audit   'string.prototype.matchall': [ '4.0.12' ],
37 silly audit   'string.prototype.repeat': [ '1.0.0' ],
37 silly audit   'string.prototype.trim': [ '1.2.10' ],
37 silly audit   'string.prototype.trimend': [ '1.0.9' ],
37 silly audit   'string.prototype.trimstart': [ '1.0.8' ],
37 silly audit   'strip-bom': [ '3.0.0' ],
37 silly audit   'strip-json-comments': [ '3.1.1' ],
37 silly audit   'styled-jsx': [ '5.1.6' ],
37 silly audit   'supports-color': [ '7.2.0' ],
37 silly audit   'supports-preserve-symlinks-flag': [ '1.0.0' ],
37 silly audit   tailwindcss: [ '4.2.1' ],
37 silly audit   tapable: [ '2.3.0' ],
37 silly audit   throttleit: [ '2.1.0' ],
37 silly audit   'tiny-inflate': [ '1.0.3' ],
37 silly audit   tinyglobby: [ '0.2.15' ],
37 silly audit   fdir: [ '6.5.0' ],
37 silly audit   'to-regex-range': [ '5.0.1' ],
37 silly audit   'ts-api-utils': [ '2.4.0' ],
37 silly audit   'tsconfig-paths': [ '3.15.0' ],
37 silly audit   tslib: [ '2.8.1' ],
37 silly audit   'type-check': [ '0.4.0' ],
37 silly audit   'typed-array-buffer': [ '1.0.3' ],
37 silly audit   'typed-array-byte-length': [ '1.0.3' ],
37 silly audit   'typed-array-byte-offset': [ '1.0.4' ],
37 silly audit   'typed-array-length': [ '1.0.7' ],
37 silly audit   typescript: [ '5.9.3' ],
37 silly audit   'unbox-primitive': [ '1.1.0' ],
37 silly audit   underscore: [ '1.13.8' ],
37 silly audit   undici: [ '6.23.0' ],
37 silly audit   'undici-types': [ '6.21.0' ],
37 silly audit   'unicode-properties': [ '1.4.1' ],
37 silly audit   'unicode-trie': [ '2.0.0' ],
37 silly audit   'unrs-resolver': [ '1.11.1' ],
37 silly audit   'uri-js': [ '4.4.1' ],
37 silly audit   'util-deprecate': [ '1.0.2' ],
37 silly audit   which: [ '2.0.2' ],
37 silly audit   'which-boxed-primitive': [ '1.1.1' ],
37 silly audit   'which-builtin-type': [ '1.2.1' ],
37 silly audit   'which-collection': [ '1.0.2' ],
37 silly audit   'which-typed-array': [ '1.1.20' ],
37 silly audit   'word-wrap': [ '1.2.5' ],
37 silly audit   xmlbuilder: [ '10.1.1' ],
37 silly audit   'yocto-queue': [ '0.1.0' ],
37 silly audit   'youtube-transcript': [ '1.2.1' ],
37 silly audit   zod: [ '4.3.6' ],
37 silly audit   'pdf-parse': [ '1.1.1' ],
37 silly audit   'node-ensure': [ '0.0.0' ],
37 silly audit   '@tailwindcss/oxide-wasm32-wasi': [ '4.2.1' ]
37 silly audit }
38 verbose reify failed optional dependency D:\nura ai\node_modules\lightningcss-win32-arm64-msvc
39 silly reify mark deleted [ 'D:\\nura ai\\node_modules\\lightningcss-win32-arm64-msvc' ]
40 verbose reify failed optional dependency D:\nura ai\node_modules\lightningcss-linux-x64-musl
41 silly reify mark deleted [ 'D:\\nura ai\\node_modules\\lightningcss-linux-x64-musl' ]
42 verbose reify failed optional dependency D:\nura ai\node_modules\lightningcss-linux-x64-gnu
43 silly reify mark deleted [ 'D:\\nura ai\\node_modules\\lightningcss-linux-x64-gnu' ]
44 verbose reify failed optional dependency D:\nura ai\node_modules\lightningcss-linux-arm64-musl
45 silly reify mark deleted [ 'D:\\nura ai\\node_modules\\lightningcss-linux-arm64-musl' ]
46 verbose reify failed optional dependency D:\nura ai\node_modules\lightningcss-linux-arm64-gnu
47 silly reify mark deleted [ 'D:\\nura ai\\node_modules\\lightningcss-linux-arm64-gnu' ]
48 verbose reify failed optional dependency D:\nura ai\node_modules\lightningcss-linux-arm-gnueabihf
49 silly reify mark deleted [ 'D:\\nura ai\\node_modules\\lightningcss-linux-arm-gnueabihf' ]
50 verbose reify failed optional dependency D:\nura ai\node_modules\lightningcss-freebsd-x64
51 silly reify mark deleted [ 'D:\\nura ai\\node_modules\\lightningcss-freebsd-x64' ]
52 verbose reify failed optional dependency D:\nura ai\node_modules\lightningcss-darwin-x64
53 silly reify mark deleted [ 'D:\\nura ai\\node_modules\\lightningcss-darwin-x64' ]
54 verbose reify failed optional dependency D:\nura ai\node_modules\lightningcss-darwin-arm64
55 silly reify mark deleted [ 'D:\\nura ai\\node_modules\\lightningcss-darwin-arm64' ]
56 verbose reify failed optional dependency D:\nura ai\node_modules\lightningcss-android-arm64
57 silly reify mark deleted [ 'D:\\nura ai\\node_modules\\lightningcss-android-arm64' ]
58 verbose reify failed optional dependency D:\nura ai\node_modules\fsevents
59 silly reify mark deleted [ 'D:\\nura ai\\node_modules\\fsevents' ]
60 verbose reify failed optional dependency D:\nura ai\node_modules\@unrs\resolver-binding-win32-ia32-msvc
61 silly reify mark deleted [
61 silly reify   'D:\\nura ai\\node_modules\\@unrs\\resolver-binding-win32-ia32-msvc'
61 silly reify ]
62 verbose reify failed optional dependency D:\nura ai\node_modules\@unrs\resolver-binding-win32-arm64-msvc
63 silly reify mark deleted [
63 silly reify   'D:\\nura ai\\node_modules\\@unrs\\resolver-binding-win32-arm64-msvc'
63 silly reify ]
64 verbose reify failed optional dependency D:\nura ai\node_modules\@unrs\resolver-binding-wasm32-wasi
65 silly reify mark deleted [ 'D:\\nura ai\\node_modules\\@unrs\\resolver-binding-wasm32-wasi' ]
66 verbose reify failed optional dependency D:\nura ai\node_modules\@unrs\resolver-binding-linux-x64-musl
67 silly reify mark deleted [ 'D:\\nura ai\\node_modules\\@unrs\\resolver-binding-linux-x64-musl' ]
68 verbose reify failed optional dependency D:\nura ai\node_modules\@unrs\resolver-binding-linux-x64-gnu
69 silly reify mark deleted [ 'D:\\nura ai\\node_modules\\@unrs\\resolver-binding-linux-x64-gnu' ]
70 verbose reify failed optional dependency D:\nura ai\node_modules\@unrs\resolver-binding-linux-s390x-gnu
71 silly reify mark deleted [
71 silly reify   'D:\\nura ai\\node_modules\\@unrs\\resolver-binding-linux-s390x-gnu'
71 silly reify ]
72 verbose reify failed optional dependency D:\nura ai\node_modules\@unrs\resolver-binding-linux-riscv64-musl
73 silly reify mark deleted [
73 silly reify   'D:\\nura ai\\node_modules\\@unrs\\resolver-binding-linux-riscv64-musl'
73 silly reify ]
74 verbose reify failed optional dependency D:\nura ai\node_modules\@unrs\resolver-binding-linux-riscv64-gnu
75 silly reify mark deleted [
75 silly reify   'D:\\nura ai\\node_modules\\@unrs\\resolver-binding-linux-riscv64-gnu'
75 silly reify ]
76 verbose reify failed optional dependency D:\nura ai\node_modules\@unrs\resolver-binding-linux-ppc64-gnu
77 silly reify mark deleted [
77 silly reify   'D:\\nura ai\\node_modules\\@unrs\\resolver-binding-linux-ppc64-gnu'
77 silly reify ]
78 verbose reify failed optional dependency D:\nura ai\node_modules\@unrs\resolver-binding-linux-arm64-musl
79 silly reify mark deleted [
79 silly reify   'D:\\nura ai\\node_modules\\@unrs\\resolver-binding-linux-arm64-musl'
79 silly reify ]
80 verbose reify failed optional dependency D:\nura ai\node_modules\@unrs\resolver-binding-linux-arm64-gnu
81 silly reify mark deleted [
81 silly reify   'D:\\nura ai\\node_modules\\@unrs\\resolver-binding-linux-arm64-gnu'
81 silly reify ]
82 verbose reify failed optional dependency D:\nura ai\node_modules\@unrs\resolver-binding-linux-arm-musleabihf
83 silly reify mark deleted [
83 silly reify   'D:\\nura ai\\node_modules\\@unrs\\resolver-binding-linux-arm-musleabihf'
83 silly reify ]
84 verbose reify failed optional dependency D:\nura ai\node_modules\@unrs\resolver-binding-linux-arm-gnueabihf
85 silly reify mark deleted [
85 silly reify   'D:\\nura ai\\node_modules\\@unrs\\resolver-binding-linux-arm-gnueabihf'
85 silly reify ]
86 verbose reify failed optional dependency D:\nura ai\node_modules\@unrs\resolver-binding-freebsd-x64
87 silly reify mark deleted [ 'D:\\nura ai\\node_modules\\@unrs\\resolver-binding-freebsd-x64' ]
88 verbose reify failed optional dependency D:\nura ai\node_modules\@unrs\resolver-binding-darwin-x64
89 silly reify mark deleted [ 'D:\\nura ai\\node_modules\\@unrs\\resolver-binding-darwin-x64' ]
90 verbose reify failed optional dependency D:\nura ai\node_modules\@unrs\resolver-binding-darwin-arm64
91 silly reify mark deleted [ 'D:\\nura ai\\node_modules\\@unrs\\resolver-binding-darwin-arm64' ]
92 verbose reify failed optional dependency D:\nura ai\node_modules\@unrs\resolver-binding-android-arm64
93 silly reify mark deleted [ 'D:\\nura ai\\node_modules\\@unrs\\resolver-binding-android-arm64' ]
94 verbose reify failed optional dependency D:\nura ai\node_modules\@unrs\resolver-binding-android-arm-eabi
95 silly reify mark deleted [
95 silly reify   'D:\\nura ai\\node_modules\\@unrs\\resolver-binding-android-arm-eabi'
95 silly reify ]
96 verbose reify failed optional dependency D:\nura ai\node_modules\@tailwindcss\oxide-win32-arm64-msvc
97 silly reify mark deleted [ 'D:\\nura ai\\node_modules\\@tailwindcss\\oxide-win32-arm64-msvc' ]
98 verbose reify failed optional dependency D:\nura ai\node_modules\@tailwindcss\oxide-linux-x64-musl
99 silly reify mark deleted [ 'D:\\nura ai\\node_modules\\@tailwindcss\\oxide-linux-x64-musl' ]
100 verbose reify failed optional dependency D:\nura ai\node_modules\@tailwindcss\oxide-linux-x64-gnu
101 silly reify mark deleted [ 'D:\\nura ai\\node_modules\\@tailwindcss\\oxide-linux-x64-gnu' ]
102 verbose reify failed optional dependency D:\nura ai\node_modules\@tailwindcss\oxide-linux-arm64-musl
103 silly reify mark deleted [ 'D:\\nura ai\\node_modules\\@tailwindcss\\oxide-linux-arm64-musl' ]
104 verbose reify failed optional dependency D:\nura ai\node_modules\@tailwindcss\oxide-linux-arm64-gnu
105 silly reify mark deleted [ 'D:\\nura ai\\node_modules\\@tailwindcss\\oxide-linux-arm64-gnu' ]
106 verbose reify failed optional dependency D:\nura ai\node_modules\@tailwindcss\oxide-linux-arm-gnueabihf
107 silly reify mark deleted [
107 silly reify   'D:\\nura ai\\node_modules\\@tailwindcss\\oxide-linux-arm-gnueabihf'
107 silly reify ]
108 verbose reify failed optional dependency D:\nura ai\node_modules\@tailwindcss\oxide-freebsd-x64
109 silly reify mark deleted [ 'D:\\nura ai\\node_modules\\@tailwindcss\\oxide-freebsd-x64' ]
110 verbose reify failed optional dependency D:\nura ai\node_modules\@tailwindcss\oxide-darwin-x64
111 silly reify mark deleted [ 'D:\\nura ai\\node_modules\\@tailwindcss\\oxide-darwin-x64' ]
112 verbose reify failed optional dependency D:\nura ai\node_modules\@tailwindcss\oxide-darwin-arm64
113 silly reify mark deleted [ 'D:\\nura ai\\node_modules\\@tailwindcss\\oxide-darwin-arm64' ]
114 verbose reify failed optional dependency D:\nura ai\node_modules\@tailwindcss\oxide-android-arm64
115 silly reify mark deleted [ 'D:\\nura ai\\node_modules\\@tailwindcss\\oxide-android-arm64' ]
116 verbose reify failed optional dependency D:\nura ai\node_modules\@next\swc-win32-arm64-msvc
117 silly reify mark deleted [ 'D:\\nura ai\\node_modules\\@next\\swc-win32-arm64-msvc' ]
118 verbose reify failed optional dependency D:\nura ai\node_modules\@next\swc-linux-x64-musl
119 silly reify mark deleted [ 'D:\\nura ai\\node_modules\\@next\\swc-linux-x64-musl' ]
120 verbose reify failed optional dependency D:\nura ai\node_modules\@next\swc-linux-x64-gnu
121 silly reify mark deleted [ 'D:\\nura ai\\node_modules\\@next\\swc-linux-x64-gnu' ]
122 verbose reify failed optional dependency D:\nura ai\node_modules\@next\swc-linux-arm64-musl
123 silly reify mark deleted [ 'D:\\nura ai\\node_modules\\@next\\swc-linux-arm64-musl' ]
124 verbose reify failed optional dependency D:\nura ai\node_modules\@next\swc-linux-arm64-gnu
125 silly reify mark deleted [ 'D:\\nura ai\\node_modules\\@next\\swc-linux-arm64-gnu' ]
126 verbose reify failed optional dependency D:\nura ai\node_modules\@next\swc-darwin-x64
127 silly reify mark deleted [ 'D:\\nura ai\\node_modules\\@next\\swc-darwin-x64' ]
128 verbose reify failed optional dependency D:\nura ai\node_modules\@next\swc-darwin-arm64
129 silly reify mark deleted [ 'D:\\nura ai\\node_modules\\@next\\swc-darwin-arm64' ]
130 verbose reify failed optional dependency D:\nura ai\node_modules\@img\sharp-win32-ia32
131 silly reify mark deleted [ 'D:\\nura ai\\node_modules\\@img\\sharp-win32-ia32' ]
132 verbose reify failed optional dependency D:\nura ai\node_modules\@img\sharp-win32-arm64
133 silly reify mark deleted [ 'D:\\nura ai\\node_modules\\@img\\sharp-win32-arm64' ]
134 verbose reify failed optional dependency D:\nura ai\node_modules\@img\sharp-wasm32
135 silly reify mark deleted [ 'D:\\nura ai\\node_modules\\@img\\sharp-wasm32' ]
136 verbose reify failed optional dependency D:\nura ai\node_modules\@img\sharp-linuxmusl-x64
137 silly reify mark deleted [ 'D:\\nura ai\\node_modules\\@img\\sharp-linuxmusl-x64' ]
138 verbose reify failed optional dependency D:\nura ai\node_modules\@img\sharp-linuxmusl-arm64
139 silly reify mark deleted [ 'D:\\nura ai\\node_modules\\@img\\sharp-linuxmusl-arm64' ]
140 verbose reify failed optional dependency D:\nura ai\node_modules\@img\sharp-linux-x64
141 silly reify mark deleted [ 'D:\\nura ai\\node_modules\\@img\\sharp-linux-x64' ]
142 verbose reify failed optional dependency D:\nura ai\node_modules\@img\sharp-linux-s390x
143 silly reify mark deleted [ 'D:\\nura ai\\node_modules\\@img\\sharp-linux-s390x' ]
144 verbose reify failed optional dependency D:\nura ai\node_modules\@img\sharp-linux-riscv64
145 silly reify mark deleted [ 'D:\\nura ai\\node_modules\\@img\\sharp-linux-riscv64' ]
146 verbose reify failed optional dependency D:\nura ai\node_modules\@img\sharp-linux-ppc64
147 silly reify mark deleted [ 'D:\\nura ai\\node_modules\\@img\\sharp-linux-ppc64' ]
148 verbose reify failed optional dependency D:\nura ai\node_modules\@img\sharp-linux-arm64
149 silly reify mark deleted [ 'D:\\nura ai\\node_modules\\@img\\sharp-linux-arm64' ]
150 verbose reify failed optional dependency D:\nura ai\node_modules\@img\sharp-linux-arm
151 silly reify mark deleted [ 'D:\\nura ai\\node_modules\\@img\\sharp-linux-arm' ]
152 verbose reify failed optional dependency D:\nura ai\node_modules\@img\sharp-libvips-linuxmusl-x64
153 silly reify mark deleted [ 'D:\\nura ai\\node_modules\\@img\\sharp-libvips-linuxmusl-x64' ]
154 verbose reify failed optional dependency D:\nura ai\node_modules\@img\sharp-libvips-linuxmusl-arm64
155 silly reify mark deleted [ 'D:\\nura ai\\node_modules\\@img\\sharp-libvips-linuxmusl-arm64' ]
156 verbose reify failed optional dependency D:\nura ai\node_modules\@img\sharp-libvips-linux-x64
157 silly reify mark deleted [ 'D:\\nura ai\\node_modules\\@img\\sharp-libvips-linux-x64' ]
158 verbose reify failed optional dependency D:\nura ai\node_modules\@img\sharp-libvips-linux-s390x
159 silly reify mark deleted [ 'D:\\nura ai\\node_modules\\@img\\sharp-libvips-linux-s390x' ]
160 verbose reify failed optional dependency D:\nura ai\node_modules\@img\sharp-libvips-linux-riscv64
161 silly reify mark deleted [ 'D:\\nura ai\\node_modules\\@img\\sharp-libvips-linux-riscv64' ]
162 verbose reify failed optional dependency D:\nura ai\node_modules\@img\sharp-libvips-linux-ppc64
163 silly reify mark deleted [ 'D:\\nura ai\\node_modules\\@img\\sharp-libvips-linux-ppc64' ]
164 verbose reify failed optional dependency D:\nura ai\node_modules\@img\sharp-libvips-linux-arm64
165 silly reify mark deleted [ 'D:\\nura ai\\node_modules\\@img\\sharp-libvips-linux-arm64' ]
166 verbose reify failed optional dependency D:\nura ai\node_modules\@img\sharp-libvips-linux-arm
167 silly reify mark deleted [ 'D:\\nura ai\\node_modules\\@img\\sharp-libvips-linux-arm' ]
168 verbose reify failed optional dependency D:\nura ai\node_modules\@img\sharp-libvips-darwin-x64
169 silly reify mark deleted [ 'D:\\nura ai\\node_modules\\@img\\sharp-libvips-darwin-x64' ]
170 verbose reify failed optional dependency D:\nura ai\node_modules\@img\sharp-libvips-darwin-arm64
171 silly reify mark deleted [ 'D:\\nura ai\\node_modules\\@img\\sharp-libvips-darwin-arm64' ]
172 verbose reify failed optional dependency D:\nura ai\node_modules\@img\sharp-darwin-x64
173 silly reify mark deleted [ 'D:\\nura ai\\node_modules\\@img\\sharp-darwin-x64' ]
174 verbose reify failed optional dependency D:\nura ai\node_modules\@img\sharp-darwin-arm64
175 silly reify mark deleted [ 'D:\\nura ai\\node_modules\\@img\\sharp-darwin-arm64' ]
176 http cache node-ensure@https://registry.npmjs.org/node-ensure/-/node-ensure-0.0.0.tgz 0ms (cache hit)
177 http cache pdf-parse@https://registry.npmjs.org/pdf-parse/-/pdf-parse-1.1.1.tgz 0ms (cache hit)
178 http cache debug@https://registry.npmjs.org/debug/-/debug-3.2.7.tgz 0ms (cache hit)
179 silly tarball no local data for node-ensure@https://registry.npmjs.org/node-ensure/-/node-ensure-0.0.0.tgz. Extracting by manifest.
180 silly tarball no local data for pdf-parse@https://registry.npmjs.org/pdf-parse/-/pdf-parse-1.1.1.tgz. Extracting by manifest.
181 silly tarball no local data for debug@https://registry.npmjs.org/debug/-/debug-3.2.7.tgz. Extracting by manifest.
182 http fetch GET 200 https://registry.npmjs.org/node-ensure/-/node-ensure-0.0.0.tgz 120ms (cache miss)
183 http fetch POST 200 https://registry.npmjs.org/-/npm/v1/security/advisories/bulk 291ms
184 silly audit report {}
185 http fetch GET 200 https://registry.npmjs.org/debug/-/debug-3.2.7.tgz 517ms (cache miss)
186 http fetch GET 200 https://registry.npmjs.org/pdf-parse/-/pdf-parse-1.1.1.tgz 42132ms (cache miss)
187 silly ADD node_modules/node-ensure
188 silly ADD
189 silly ADD
190 silly ADD
191 silly ADD
192 silly ADD
193 silly ADD
194 silly ADD
195 silly ADD
196 silly ADD
197 silly ADD
198 silly ADD
199 silly ADD
200 silly ADD
201 silly ADD
202 silly ADD
203 silly ADD
204 silly ADD
205 silly ADD
206 silly ADD
207 silly ADD
208 silly ADD
209 silly ADD
210 silly ADD
211 silly ADD
212 silly ADD
213 silly ADD
214 silly ADD
215 silly ADD
216 silly ADD
217 silly ADD
218 silly ADD
219 silly ADD
220 silly ADD
221 silly ADD
222 silly ADD
223 silly ADD
224 silly ADD
225 silly ADD
226 silly ADD
227 silly ADD
228 silly ADD
229 silly ADD
230 silly ADD
231 silly ADD
232 silly ADD
233 silly ADD
234 silly ADD
235 silly ADD
236 silly ADD
237 silly ADD
238 silly ADD
239 silly ADD
240 silly ADD
241 silly ADD
242 silly ADD
243 silly ADD
244 silly ADD
245 silly ADD
246 silly ADD
247 silly ADD
248 silly ADD
249 silly ADD
250 silly ADD
251 silly ADD
252 silly ADD
253 silly ADD
254 silly ADD
255 silly ADD
256 silly ADD
257 silly ADD
258 silly REMOVE node_modules/pdfjs-dist
259 silly CHANGE node_modules/pdf-parse
260 silly ADD node_modules/pdf-parse/node_modules/debug
261 silly REMOVE node_modules/@napi-rs/canvas-win32-x64-msvc
262 silly REMOVE node_modules/@napi-rs/canvas
263 verbose cwd D:\nura ai
264 verbose os Windows_NT 10.0.22631
265 verbose node v22.14.0
266 verbose npm  v10.9.2
267 verbose exit 0
268 info ok
