0 verbose cli C:\Program Files\nodejs\node.exe C:\Program Files\nodejs\node_modules\npm\bin\npm-cli.js
1 info using npm@10.9.2
2 info using node@v22.14.0
3 silly config load:file:C:\Program Files\nodejs\node_modules\npm\npmrc
4 silly config load:file:D:\nura ai\.npmrc
5 silly config load:file:C:\Users\wafam\.npmrc
6 silly config load:file:C:\Users\wafam\AppData\Roaming\npm\etc\npmrc
7 verbose title npm install prisma@^5 @prisma/client@^5
8 verbose argv "install" "prisma@^5" "@prisma/client@^5"
9 verbose logfile logs-max:10 dir:d:\nura ai\.npm-cache\_logs\2026-03-07T11_07_48_119Z-
10 verbose logfile d:\nura ai\.npm-cache\_logs\2026-03-07T11_07_48_119Z-debug-0.log
11 silly logfile done cleaning log files
12 silly packumentCache heap:4345298944 maxSize:1086324736 maxEntrySize:543162368
13 silly idealTree buildDeps
14 silly fetch manifest @prisma/client@^5
15 silly packumentCache full:https://registry.npmjs.org/@prisma%2fclient cache-miss
16 verbose shrinkwrap failed to load node_modules/.package-lock.json out of date, updated: node_modules
17 http cache https://registry.npmjs.org/@prisma%2fclient 222ms (cache hit)
18 silly packumentCache full:https://registry.npmjs.org/@prisma%2fclient set size:67063442 disposed:false
19 silly fetch manifest prisma@^5
20 silly packumentCache full:https://registry.npmjs.org/prisma cache-miss
21 http cache https://registry.npmjs.org/prisma 4169ms (cache hit)
22 silly packumentCache full:https://registry.npmjs.org/prisma set size:42733506 disposed:false
23 silly placeDep ROOT @prisma/client@5.22.0 REPLACE for: nura-app@0.1.0 want: ^5
24 silly placeDep ROOT prisma@5.22.0 REPLACE for: nura-app@0.1.0 want: ^5
25 silly fetch manifest @prisma/engines@5.22.0
26 silly packumentCache full:https://registry.npmjs.org/@prisma%2fengines cache-miss
27 silly fetch manifest fsevents@2.3.3
28 silly packumentCache full:https://registry.npmjs.org/fsevents cache-miss
29 http cache https://registry.npmjs.org/@prisma%2fengines 166ms (cache hit)
30 silly packumentCache full:https://registry.npmjs.org/@prisma%2fengines set size:21533578 disposed:false
31 http fetch GET 200 https://registry.npmjs.org/fsevents 660ms (cache miss)
32 silly packumentCache full:https://registry.npmjs.org/fsevents set size:undefined disposed:false
33 silly placeDep ROOT @prisma/engines@5.22.0 OK for: prisma@5.22.0 want: 5.22.0
34 silly placeDep ROOT fsevents@2.3.3 OK for: prisma@5.22.0 want: 2.3.3
35 silly fetch manifest @prisma/debug@5.22.0
36 silly packumentCache full:https://registry.npmjs.org/@prisma%2fdebug cache-miss
37 silly fetch manifest @prisma/fetch-engine@5.22.0
38 silly packumentCache full:https://registry.npmjs.org/@prisma%2ffetch-engine cache-miss
39 silly fetch manifest @prisma/get-platform@5.22.0
40 silly packumentCache full:https://registry.npmjs.org/@prisma%2fget-platform cache-miss
41 silly fetch manifest @prisma/engines-version@5.22.0-44.605197351a3c8bdd595af2d2a9bc3025bca48ea2
42 silly packumentCache full:https://registry.npmjs.org/@prisma%2fengines-version cache-miss
43 http cache https://registry.npmjs.org/@prisma%2fengines-version 195ms (cache hit)
44 silly packumentCache full:https://registry.npmjs.org/@prisma%2fengines-version set size:9890582 disposed:false
45 http cache https://registry.npmjs.org/@prisma%2ffetch-engine 350ms (cache hit)
46 silly packumentCache full:https://registry.npmjs.org/@prisma%2ffetch-engine set size:32035559 disposed:false
47 http cache https://registry.npmjs.org/@prisma%2fget-platform 845ms (cache hit)
48 silly packumentCache full:https://registry.npmjs.org/@prisma%2fget-platform set size:28167023 disposed:false
49 http cache https://registry.npmjs.org/@prisma%2fdebug 1161ms (cache hit)
50 silly packumentCache full:https://registry.npmjs.org/@prisma%2fdebug set size:28494293 disposed:false
51 silly placeDep ROOT @prisma/debug@5.22.0 OK for: @prisma/engines@5.22.0 want: 5.22.0
52 silly placeDep ROOT @prisma/engines-version@5.22.0-44.605197351a3c8bdd595af2d2a9bc3025bca48ea2 OK for: @prisma/engines@5.22.0 want: 5.22.0-44.605197351a3c8bdd595af2d2a9bc3025bca48ea2
53 silly placeDep ROOT @prisma/fetch-engine@5.22.0 OK for: @prisma/engines@5.22.0 want: 5.22.0
54 silly placeDep ROOT @prisma/get-platform@5.22.0 OK for: @prisma/engines@5.22.0 want: 5.22.0
55 silly reify mark retired [ 'D:\\nura ai\\node_modules\\aws-ssl-profiles' ]
56 silly reify mark retired [ 'D:\\nura ai\\node_modules\\c12' ]
57 silly reify mark retired [ 'D:\\nura ai\\node_modules\\chevrotain' ]
58 silly reify mark retired [ 'D:\\nura ai\\node_modules\\chokidar' ]
59 silly reify mark retired [ 'D:\\nura ai\\node_modules\\citty' ]
60 silly reify mark retired [ 'D:\\nura ai\\node_modules\\confbox' ]
61 silly reify mark retired [ 'D:\\nura ai\\node_modules\\consola' ]
62 silly reify mark retired [ 'D:\\nura ai\\node_modules\\deepmerge-ts' ]
63 silly reify mark retired [ 'D:\\nura ai\\node_modules\\defu' ]
64 silly reify mark retired [ 'D:\\nura ai\\node_modules\\denque' ]
65 silly reify mark retired [ 'D:\\nura ai\\node_modules\\destr' ]
66 silly reify mark retired [ 'D:\\nura ai\\node_modules\\dotenv' ]
67 silly reify mark retired [ 'D:\\nura ai\\node_modules\\effect' ]
68 silly reify mark retired [ 'D:\\nura ai\\node_modules\\empathic' ]
69 silly reify mark retired [ 'D:\\nura ai\\node_modules\\exsolve' ]
70 silly reify mark retired [ 'D:\\nura ai\\node_modules\\fast-check' ]
71 silly reify mark retired [ 'D:\\nura ai\\node_modules\\foreground-child' ]
72 silly reify mark retired [ 'D:\\nura ai\\node_modules\\generate-function' ]
73 silly reify mark retired [ 'D:\\nura ai\\node_modules\\get-port-please' ]
74 silly reify mark retired [
74 silly reify   'D:\\nura ai\\node_modules\\giget',
74 silly reify   'D:\\nura ai\\node_modules\\.bin\\giget',
74 silly reify   'D:\\nura ai\\node_modules\\.bin\\giget.cmd',
74 silly reify   'D:\\nura ai\\node_modules\\.bin\\giget.ps1'
74 silly reify ]
75 silly reify mark retired [ 'D:\\nura ai\\node_modules\\grammex' ]
76 silly reify mark retired [ 'D:\\nura ai\\node_modules\\graphmatch' ]
77 silly reify mark retired [ 'D:\\nura ai\\node_modules\\hono' ]
78 silly reify mark retired [ 'D:\\nura ai\\node_modules\\iconv-lite' ]
79 silly reify mark retired [ 'D:\\nura ai\\node_modules\\http-status-codes' ]
80 silly reify mark retired [ 'D:\\nura ai\\node_modules\\is-property' ]
81 silly reify mark retired [ 'D:\\nura ai\\node_modules\\lilconfig' ]
82 silly reify mark retired [ 'D:\\nura ai\\node_modules\\lodash' ]
83 silly reify mark retired [ 'D:\\nura ai\\node_modules\\long' ]
84 silly reify mark retired [ 'D:\\nura ai\\node_modules\\lru.min' ]
85 silly reify mark retired [ 'D:\\nura ai\\node_modules\\mysql2' ]
86 silly reify mark retired [ 'D:\\nura ai\\node_modules\\named-placeholders' ]
87 silly reify mark retired [ 'D:\\nura ai\\node_modules\\node-fetch-native' ]
88 silly reify mark retired [
88 silly reify   'D:\\nura ai\\node_modules\\nypm',
88 silly reify   'D:\\nura ai\\node_modules\\.bin\\nypm',
88 silly reify   'D:\\nura ai\\node_modules\\.bin\\nypm.cmd',
88 silly reify   'D:\\nura ai\\node_modules\\.bin\\nypm.ps1'
88 silly reify ]
89 silly reify mark retired [ 'D:\\nura ai\\node_modules\\ohash' ]
90 silly reify mark retired [ 'D:\\nura ai\\node_modules\\pathe' ]
91 silly reify mark retired [ 'D:\\nura ai\\node_modules\\pkg-types' ]
92 silly reify mark retired [ 'D:\\nura ai\\node_modules\\perfect-debounce' ]
93 silly reify mark retired [ 'D:\\nura ai\\node_modules\\postgres' ]
94 silly reify mark retired [
94 silly reify   'D:\\nura ai\\node_modules\\prisma',
94 silly reify   'D:\\nura ai\\node_modules\\.bin\\prisma',
94 silly reify   'D:\\nura ai\\node_modules\\.bin\\prisma.cmd',
94 silly reify   'D:\\nura ai\\node_modules\\.bin\\prisma.ps1'
94 silly reify ]
95 silly reify mark retired [ 'D:\\nura ai\\node_modules\\proper-lockfile' ]
96 silly reify mark retired [ 'D:\\nura ai\\node_modules\\pure-rand' ]
97 silly reify mark retired [ 'D:\\nura ai\\node_modules\\rc9' ]
98 silly reify mark retired [ 'D:\\nura ai\\node_modules\\readdirp' ]
99 silly reify mark retired [ 'D:\\nura ai\\node_modules\\regexp-to-ast' ]
100 silly reify mark retired [ 'D:\\nura ai\\node_modules\\remeda' ]
101 silly reify mark retired [ 'D:\\nura ai\\node_modules\\safer-buffer' ]
102 silly reify mark retired [ 'D:\\nura ai\\node_modules\\seq-queue' ]
103 silly reify mark retired [ 'D:\\nura ai\\node_modules\\signal-exit' ]
104 silly reify mark retired [ 'D:\\nura ai\\node_modules\\sqlstring' ]
105 silly reify mark retired [ 'D:\\nura ai\\node_modules\\std-env' ]
106 silly reify mark retired [ 'D:\\nura ai\\node_modules\\tinyexec' ]
107 silly reify mark retired [ 'D:\\nura ai\\node_modules\\valibot' ]
108 silly reify mark retired [ 'D:\\nura ai\\node_modules\\zeptomatch' ]
109 silly reify mark retired [ 'D:\\nura ai\\node_modules\\@chevrotain\\cst-dts-gen' ]
110 silly reify mark retired [ 'D:\\nura ai\\node_modules\\@chevrotain\\gast' ]
111 silly reify mark retired [ 'D:\\nura ai\\node_modules\\@chevrotain\\utils' ]
112 silly reify mark retired [ 'D:\\nura ai\\node_modules\\@chevrotain\\types' ]
113 silly reify mark retired [ 'D:\\nura ai\\node_modules\\@electric-sql\\pglite' ]
114 silly reify mark retired [
114 silly reify   'D:\\nura ai\\node_modules\\@electric-sql\\pglite-socket',
114 silly reify   'D:\\nura ai\\node_modules\\.bin\\pglite-server',
114 silly reify   'D:\\nura ai\\node_modules\\.bin\\pglite-server.cmd',
114 silly reify   'D:\\nura ai\\node_modules\\.bin\\pglite-server.ps1'
114 silly reify ]
115 silly reify mark retired [ 'D:\\nura ai\\node_modules\\@electric-sql\\pglite-tools' ]
116 silly reify mark retired [ 'D:\\nura ai\\node_modules\\@hono\\node-server' ]
117 silly reify mark retired [ 'D:\\nura ai\\node_modules\\@mrleebo\\prisma-ast' ]
118 silly reify mark retired [ 'D:\\nura ai\\node_modules\\@prisma\\client' ]
119 silly reify mark retired [ 'D:\\nura ai\\node_modules\\@prisma\\config' ]
120 silly reify mark retired [ 'D:\\nura ai\\node_modules\\@prisma\\client-runtime-utils' ]
121 silly reify mark retired [ 'D:\\nura ai\\node_modules\\@prisma\\debug' ]
122 silly reify mark retired [ 'D:\\nura ai\\node_modules\\@prisma\\engines' ]
123 silly reify mark retired [ 'D:\\nura ai\\node_modules\\@prisma\\dev' ]
124 silly reify mark retired [ 'D:\\nura ai\\node_modules\\@prisma\\get-platform' ]
125 silly reify mark retired [ 'D:\\nura ai\\node_modules\\@prisma\\studio-core' ]
126 silly reify mark retired [ 'D:\\nura ai\\node_modules\\@prisma\\engines-version' ]
127 silly reify mark retired [ 'D:\\nura ai\\node_modules\\@prisma\\fetch-engine' ]
128 silly reify mark retired [ 'D:\\nura ai\\node_modules\\@standard-schema\\spec' ]
129 silly reify mark retired [ 'D:\\nura ai\\node_modules\\@prisma\\query-plan-executor' ]
130 silly reify moves {
130 silly reify   'D:\\nura ai\\node_modules\\aws-ssl-profiles': 'D:\\nura ai\\node_modules\\.aws-ssl-profiles-vXvonNGJ',
130 silly reify   'D:\\nura ai\\node_modules\\c12': 'D:\\nura ai\\node_modules\\.c12-nKEaz1PH',
130 silly reify   'D:\\nura ai\\node_modules\\chevrotain': 'D:\\nura ai\\node_modules\\.chevrotain-BXvnCYrO',
130 silly reify   'D:\\nura ai\\node_modules\\chokidar': 'D:\\nura ai\\node_modules\\.chokidar-3OuGyX8U',
130 silly reify   'D:\\nura ai\\node_modules\\citty': 'D:\\nura ai\\node_modules\\.citty-bcoTWqUz',
130 silly reify   'D:\\nura ai\\node_modules\\confbox': 'D:\\nura ai\\node_modules\\.confbox-RNWKeJkV',
130 silly reify   'D:\\nura ai\\node_modules\\consola': 'D:\\nura ai\\node_modules\\.consola-64tGgHek',
130 silly reify   'D:\\nura ai\\node_modules\\deepmerge-ts': 'D:\\nura ai\\node_modules\\.deepmerge-ts-qoIDLw8x',
130 silly reify   'D:\\nura ai\\node_modules\\defu': 'D:\\nura ai\\node_modules\\.defu-ovKyyMg9',
130 silly reify   'D:\\nura ai\\node_modules\\denque': 'D:\\nura ai\\node_modules\\.denque-innAX2eN',
130 silly reify   'D:\\nura ai\\node_modules\\destr': 'D:\\nura ai\\node_modules\\.destr-sQcaAPaB',
130 silly reify   'D:\\nura ai\\node_modules\\dotenv': 'D:\\nura ai\\node_modules\\.dotenv-GCcKkyes',
130 silly reify   'D:\\nura ai\\node_modules\\effect': 'D:\\nura ai\\node_modules\\.effect-zU9UMynl',
130 silly reify   'D:\\nura ai\\node_modules\\empathic': 'D:\\nura ai\\node_modules\\.empathic-wxUXXgmL',
130 silly reify   'D:\\nura ai\\node_modules\\exsolve': 'D:\\nura ai\\node_modules\\.exsolve-lK3eAJNJ',
130 silly reify   'D:\\nura ai\\node_modules\\fast-check': 'D:\\nura ai\\node_modules\\.fast-check-mLHICpcg',
130 silly reify   'D:\\nura ai\\node_modules\\foreground-child': 'D:\\nura ai\\node_modules\\.foreground-child-2vPRdSFo',
130 silly reify   'D:\\nura ai\\node_modules\\generate-function': 'D:\\nura ai\\node_modules\\.generate-function-1Ekcv1j4',
130 silly reify   'D:\\nura ai\\node_modules\\get-port-please': 'D:\\nura ai\\node_modules\\.get-port-please-4Brsgks1',
130 silly reify   'D:\\nura ai\\node_modules\\giget': 'D:\\nura ai\\node_modules\\.giget-fv7giV7z',
130 silly reify   'D:\\nura ai\\node_modules\\.bin\\giget': 'D:\\nura ai\\node_modules\\.bin\\.giget-Z1kRnKe5',
130 silly reify   'D:\\nura ai\\node_modules\\.bin\\giget.cmd': 'D:\\nura ai\\node_modules\\.bin\\.giget.cmd-DAk8Rj7H',
130 silly reify   'D:\\nura ai\\node_modules\\.bin\\giget.ps1': 'D:\\nura ai\\node_modules\\.bin\\.giget.ps1-CsuTJo4M',
130 silly reify   'D:\\nura ai\\node_modules\\grammex': 'D:\\nura ai\\node_modules\\.grammex-ttaocY9U',
130 silly reify   'D:\\nura ai\\node_modules\\graphmatch': 'D:\\nura ai\\node_modules\\.graphmatch-FPGwutAc',
130 silly reify   'D:\\nura ai\\node_modules\\hono': 'D:\\nura ai\\node_modules\\.hono-RZriImeE',
130 silly reify   'D:\\nura ai\\node_modules\\iconv-lite': 'D:\\nura ai\\node_modules\\.iconv-lite-qKpJOsQ9',
130 silly reify   'D:\\nura ai\\node_modules\\http-status-codes': 'D:\\nura ai\\node_modules\\.http-status-codes-vnzjDCD9',
130 silly reify   'D:\\nura ai\\node_modules\\is-property': 'D:\\nura ai\\node_modules\\.is-property-oTWe7jhO',
130 silly reify   'D:\\nura ai\\node_modules\\lilconfig': 'D:\\nura ai\\node_modules\\.lilconfig-f15XC45i',
130 silly reify   'D:\\nura ai\\node_modules\\lodash': 'D:\\nura ai\\node_modules\\.lodash-zjiUUbHn',
130 silly reify   'D:\\nura ai\\node_modules\\long': 'D:\\nura ai\\node_modules\\.long-pqZ09Xyj',
130 silly reify   'D:\\nura ai\\node_modules\\lru.min': 'D:\\nura ai\\node_modules\\.lru.min-kFmHPirR',
130 silly reify   'D:\\nura ai\\node_modules\\mysql2': 'D:\\nura ai\\node_modules\\.mysql2-sdthxtsy',
130 silly reify   'D:\\nura ai\\node_modules\\named-placeholders': 'D:\\nura ai\\node_modules\\.named-placeholders-tySq92NM',
130 silly reify   'D:\\nura ai\\node_modules\\node-fetch-native': 'D:\\nura ai\\node_modules\\.node-fetch-native-JByuddtJ',
130 silly reify   'D:\\nura ai\\node_modules\\nypm': 'D:\\nura ai\\node_modules\\.nypm-V0rUJLvh',
130 silly reify   'D:\\nura ai\\node_modules\\.bin\\nypm': 'D:\\nura ai\\node_modules\\.bin\\.nypm-ENr0y6Ss',
130 silly reify   'D:\\nura ai\\node_modules\\.bin\\nypm.cmd': 'D:\\nura ai\\node_modules\\.bin\\.nypm.cmd-JGVelHOT',
130 silly reify   'D:\\nura ai\\node_modules\\.bin\\nypm.ps1': 'D:\\nura ai\\node_modules\\.bin\\.nypm.ps1-b73Mncdw',
130 silly reify   'D:\\nura ai\\node_modules\\ohash': 'D:\\nura ai\\node_modules\\.ohash-klWnkETl',
130 silly reify   'D:\\nura ai\\node_modules\\pathe': 'D:\\nura ai\\node_modules\\.pathe-dOW1LTFB',
130 silly reify   'D:\\nura ai\\node_modules\\pkg-types': 'D:\\nura ai\\node_modules\\.pkg-types-sVBm6Aol',
130 silly reify   'D:\\nura ai\\node_modules\\perfect-debounce': 'D:\\nura ai\\node_modules\\.perfect-debounce-s9BRpqSc',
130 silly reify   'D:\\nura ai\\node_modules\\postgres': 'D:\\nura ai\\node_modules\\.postgres-dDNScBog',
130 silly reify   'D:\\nura ai\\node_modules\\prisma': 'D:\\nura ai\\node_modules\\.prisma-V782kKoQ',
130 silly reify   'D:\\nura ai\\node_modules\\.bin\\prisma': 'D:\\nura ai\\node_modules\\.bin\\.prisma-8amMMO3I',
130 silly reify   'D:\\nura ai\\node_modules\\.bin\\prisma.cmd': 'D:\\nura ai\\node_modules\\.bin\\.prisma.cmd-SRBKqeZl',
130 silly reify   'D:\\nura ai\\node_modules\\.bin\\prisma.ps1': 'D:\\nura ai\\node_modules\\.bin\\.prisma.ps1-YzG91G8i',
130 silly reify   'D:\\nura ai\\node_modules\\proper-lockfile': 'D:\\nura ai\\node_modules\\.proper-lockfile-T39ldI5d',
130 silly reify   'D:\\nura ai\\node_modules\\pure-rand': 'D:\\nura ai\\node_modules\\.pure-rand-dJdBlNDI',
130 silly reify   'D:\\nura ai\\node_modules\\rc9': 'D:\\nura ai\\node_modules\\.rc9-vEtdzY1h',
130 silly reify   'D:\\nura ai\\node_modules\\readdirp': 'D:\\nura ai\\node_modules\\.readdirp-zPdwpq5l',
130 silly reify   'D:\\nura ai\\node_modules\\regexp-to-ast': 'D:\\nura ai\\node_modules\\.regexp-to-ast-VTJOlfoZ',
130 silly reify   'D:\\nura ai\\node_modules\\remeda': 'D:\\nura ai\\node_modules\\.remeda-HljUZpVD',
130 silly reify   'D:\\nura ai\\node_modules\\safer-buffer': 'D:\\nura ai\\node_modules\\.safer-buffer-rdYXhczL',
130 silly reify   'D:\\nura ai\\node_modules\\seq-queue': 'D:\\nura ai\\node_modules\\.seq-queue-WE0ZiElX',
130 silly reify   'D:\\nura ai\\node_modules\\signal-exit': 'D:\\nura ai\\node_modules\\.signal-exit-gQtUymS1',
130 silly reify   'D:\\nura ai\\node_modules\\sqlstring': 'D:\\nura ai\\node_modules\\.sqlstring-0v2GoHro',
130 silly reify   'D:\\nura ai\\node_modules\\std-env': 'D:\\nura ai\\node_modules\\.std-env-TF2laRIc',
130 silly reify   'D:\\nura ai\\node_modules\\tinyexec': 'D:\\nura ai\\node_modules\\.tinyexec-Nelcgn7j',
130 silly reify   'D:\\nura ai\\node_modules\\valibot': 'D:\\nura ai\\node_modules\\.valibot-LMfyQC0L',
130 silly reify   'D:\\nura ai\\node_modules\\zeptomatch': 'D:\\nura ai\\node_modules\\.zeptomatch-1CCSIsL3',
130 silly reify   'D:\\nura ai\\node_modules\\@chevrotain\\cst-dts-gen': 'D:\\nura ai\\node_modules\\@chevrotain\\.cst-dts-gen-44hiZlnV',
130 silly reify   'D:\\nura ai\\node_modules\\@chevrotain\\gast': 'D:\\nura ai\\node_modules\\@chevrotain\\.gast-J9xEnxDx',
130 silly reify   'D:\\nura ai\\node_modules\\@chevrotain\\utils': 'D:\\nura ai\\node_modules\\@chevrotain\\.utils-3IFicr27',
130 silly reify   'D:\\nura ai\\node_modules\\@chevrotain\\types': 'D:\\nura ai\\node_modules\\@chevrotain\\.types-DuoOLFHl',
130 silly reify   'D:\\nura ai\\node_modules\\@electric-sql\\pglite': 'D:\\nura ai\\node_modules\\@electric-sql\\.pglite-pkNuVPJn',
130 silly reify   'D:\\nura ai\\node_modules\\@electric-sql\\pglite-socket': 'D:\\nura ai\\node_modules\\@electric-sql\\.pglite-socket-LZRecGss',
130 silly reify   'D:\\nura ai\\node_modules\\.bin\\pglite-server': 'D:\\nura ai\\node_modules\\.bin\\.pglite-server-qkNMOwtw',
130 silly reify   'D:\\nura ai\\node_modules\\.bin\\pglite-server.cmd': 'D:\\nura ai\\node_modules\\.bin\\.pglite-server.cmd-uGOstA8b',
130 silly reify   'D:\\nura ai\\node_modules\\.bin\\pglite-server.ps1': 'D:\\nura ai\\node_modules\\.bin\\.pglite-server.ps1-SFAVzwAs',
130 silly reify   'D:\\nura ai\\node_modules\\@electric-sql\\pglite-tools': 'D:\\nura ai\\node_modules\\@electric-sql\\.pglite-tools-0R3eEzbJ',
130 silly reify   'D:\\nura ai\\node_modules\\@hono\\node-server': 'D:\\nura ai\\node_modules\\@hono\\.node-server-mJxfLUYI',
130 silly reify   'D:\\nura ai\\node_modules\\@mrleebo\\prisma-ast': 'D:\\nura ai\\node_modules\\@mrleebo\\.prisma-ast-qoBLMczr',
130 silly reify   'D:\\nura ai\\node_modules\\@prisma\\client': 'D:\\nura ai\\node_modules\\@prisma\\.client-0rozpc6N',
130 silly reify   'D:\\nura ai\\node_modules\\@prisma\\config': 'D:\\nura ai\\node_modules\\@prisma\\.config-AL7a67Y3',
130 silly reify   'D:\\nura ai\\node_modules\\@prisma\\client-runtime-utils': 'D:\\nura ai\\node_modules\\@prisma\\.client-runtime-utils-cOXRAZ59',
130 silly reify   'D:\\nura ai\\node_modules\\@prisma\\debug': 'D:\\nura ai\\node_modules\\@prisma\\.debug-Wz87PeoO',
130 silly reify   'D:\\nura ai\\node_modules\\@prisma\\engines': 'D:\\nura ai\\node_modules\\@prisma\\.engines-owPtyk0w',
130 silly reify   'D:\\nura ai\\node_modules\\@prisma\\dev': 'D:\\nura ai\\node_modules\\@prisma\\.dev-24EoWr8z',
130 silly reify   'D:\\nura ai\\node_modules\\@prisma\\get-platform': 'D:\\nura ai\\node_modules\\@prisma\\.get-platform-c6uIEVBJ',
130 silly reify   'D:\\nura ai\\node_modules\\@prisma\\studio-core': 'D:\\nura ai\\node_modules\\@prisma\\.studio-core-BB9m3PLX',
130 silly reify   'D:\\nura ai\\node_modules\\@prisma\\engines-version': 'D:\\nura ai\\node_modules\\@prisma\\.engines-version-CHfL9u30',
130 silly reify   'D:\\nura ai\\node_modules\\@prisma\\fetch-engine': 'D:\\nura ai\\node_modules\\@prisma\\.fetch-engine-9LgRlFgD',
130 silly reify   'D:\\nura ai\\node_modules\\@standard-schema\\spec': 'D:\\nura ai\\node_modules\\@standard-schema\\.spec-xmQe7m2Y',
130 silly reify   'D:\\nura ai\\node_modules\\@prisma\\query-plan-executor': 'D:\\nura ai\\node_modules\\@prisma\\.query-plan-executor-lu7pKG0d'
130 silly reify }
131 verbose reify failed optional dependency D:\nura ai\node_modules\@tailwindcss\oxide-wasm32-wasi
132 silly reify mark deleted [ 'D:\\nura ai\\node_modules\\@tailwindcss\\oxide-wasm32-wasi' ]
133 silly audit bulk request {
133 silly audit   '@alloc/quick-lru': [ '5.2.0' ],
133 silly audit   '@emnapi/core': [ '1.8.1' ],
133 silly audit   '@emnapi/runtime': [ '1.8.1' ],
133 silly audit   '@emnapi/wasi-threads': [ '1.1.0' ],
133 silly audit   '@eslint-community/eslint-utils': [ '4.9.1' ],
133 silly audit   'eslint-visitor-keys': [ '3.4.3', '5.0.1', '4.2.1' ],
133 silly audit   '@eslint-community/regexpp': [ '4.12.2' ],
133 silly audit   '@eslint/config-array': [ '0.21.1' ],
133 silly audit   '@eslint/config-helpers': [ '0.4.2' ],
133 silly audit   '@eslint/core': [ '0.17.0' ],
133 silly audit   '@eslint/eslintrc': [ '3.3.4' ],
133 silly audit   '@eslint/js': [ '9.39.3' ],
133 silly audit   '@eslint/object-schema': [ '2.1.7' ],
133 silly audit   '@eslint/plugin-kit': [ '0.4.1' ],
133 silly audit   '@humanfs/core': [ '0.19.1' ],
133 silly audit   '@humanfs/node': [ '0.16.7' ],
133 silly audit   '@humanwhocodes/module-importer': [ '1.0.1' ],
133 silly audit   '@humanwhocodes/retry': [ '0.4.3' ],
133 silly audit   '@img/colour': [ '1.1.0' ],
133 silly audit   '@img/sharp-darwin-arm64': [ '0.34.5' ],
133 silly audit   '@img/sharp-darwin-x64': [ '0.34.5' ],
133 silly audit   '@img/sharp-libvips-darwin-arm64': [ '1.2.4' ],
133 silly audit   '@img/sharp-libvips-darwin-x64': [ '1.2.4' ],
133 silly audit   '@img/sharp-libvips-linux-arm': [ '1.2.4' ],
133 silly audit   '@img/sharp-libvips-linux-arm64': [ '1.2.4' ],
133 silly audit   '@img/sharp-libvips-linux-ppc64': [ '1.2.4' ],
133 silly audit   '@img/sharp-libvips-linux-riscv64': [ '1.2.4' ],
133 silly audit   '@img/sharp-libvips-linux-s390x': [ '1.2.4' ],
133 silly audit   '@img/sharp-libvips-linux-x64': [ '1.2.4' ],
133 silly audit   '@img/sharp-libvips-linuxmusl-arm64': [ '1.2.4' ],
133 silly audit   '@img/sharp-libvips-linuxmusl-x64': [ '1.2.4' ],
133 silly audit   '@img/sharp-linux-arm': [ '0.34.5' ],
133 silly audit   '@img/sharp-linux-arm64': [ '0.34.5' ],
133 silly audit   '@img/sharp-linux-ppc64': [ '0.34.5' ],
133 silly audit   '@img/sharp-linux-riscv64': [ '0.34.5' ],
133 silly audit   '@img/sharp-linux-s390x': [ '0.34.5' ],
133 silly audit   '@img/sharp-linux-x64': [ '0.34.5' ],
133 silly audit   '@img/sharp-linuxmusl-arm64': [ '0.34.5' ],
133 silly audit   '@img/sharp-linuxmusl-x64': [ '0.34.5' ],
133 silly audit   '@img/sharp-wasm32': [ '0.34.5' ],
133 silly audit   '@img/sharp-win32-arm64': [ '0.34.5' ],
133 silly audit   '@img/sharp-win32-ia32': [ '0.34.5' ],
133 silly audit   '@img/sharp-win32-x64': [ '0.34.5' ],
133 silly audit   '@jridgewell/gen-mapping': [ '0.3.13' ],
133 silly audit   '@jridgewell/remapping': [ '2.3.5' ],
133 silly audit   '@jridgewell/resolve-uri': [ '3.1.2' ],
133 silly audit   '@jridgewell/sourcemap-codec': [ '1.5.5' ],
133 silly audit   '@jridgewell/trace-mapping': [ '0.3.31' ],
133 silly audit   '@napi-rs/canvas': [ '0.1.80' ],
133 silly audit   '@napi-rs/canvas-android-arm64': [ '0.1.80' ],
133 silly audit   '@napi-rs/canvas-darwin-arm64': [ '0.1.80' ],
133 silly audit   '@napi-rs/canvas-darwin-x64': [ '0.1.80' ],
133 silly audit   '@napi-rs/canvas-linux-arm-gnueabihf': [ '0.1.80' ],
133 silly audit   '@napi-rs/canvas-linux-arm64-gnu': [ '0.1.80' ],
133 silly audit   '@napi-rs/canvas-linux-arm64-musl': [ '0.1.80' ],
133 silly audit   '@napi-rs/canvas-linux-riscv64-gnu': [ '0.1.80' ],
133 silly audit   '@napi-rs/canvas-linux-x64-gnu': [ '0.1.80' ],
133 silly audit   '@napi-rs/canvas-linux-x64-musl': [ '0.1.80' ],
133 silly audit   '@napi-rs/canvas-win32-x64-msvc': [ '0.1.80' ],
133 silly audit   '@napi-rs/wasm-runtime': [ '0.2.12' ],
133 silly audit   '@next/env': [ '16.1.6' ],
133 silly audit   '@next/eslint-plugin-next': [ '15.1.7' ],
133 silly audit   '@next/swc-darwin-arm64': [ '16.1.6' ],
133 silly audit   '@next/swc-darwin-x64': [ '16.1.6' ],
133 silly audit   '@next/swc-linux-arm64-gnu': [ '16.1.6' ],
133 silly audit   '@next/swc-linux-arm64-musl': [ '16.1.6' ],
133 silly audit   '@next/swc-linux-x64-gnu': [ '16.1.6' ],
133 silly audit   '@next/swc-linux-x64-musl': [ '16.1.6' ],
133 silly audit   '@next/swc-win32-arm64-msvc': [ '16.1.6' ],
133 silly audit   '@next/swc-win32-x64-msvc': [ '16.1.6' ],
133 silly audit   '@nodelib/fs.scandir': [ '2.1.5' ],
133 silly audit   '@nodelib/fs.stat': [ '2.0.5' ],
133 silly audit   '@nodelib/fs.walk': [ '1.2.8' ],
133 silly audit   '@nolyfill/is-core-module': [ '1.0.39' ],
133 silly audit   '@phosphor-icons/react': [ '2.1.10' ],
133 silly audit   '@rtsao/scc': [ '1.1.0' ],
133 silly audit   '@rushstack/eslint-patch': [ '1.16.1' ],
133 silly audit   '@swc/helpers': [ '0.5.15' ],
133 silly audit   '@tailwindcss/node': [ '4.2.1' ],
133 silly audit   '@tailwindcss/oxide': [ '4.2.1' ],
133 silly audit   '@tailwindcss/oxide-android-arm64': [ '4.2.1' ],
133 silly audit   '@tailwindcss/oxide-darwin-arm64': [ '4.2.1' ],
133 silly audit   '@tailwindcss/oxide-darwin-x64': [ '4.2.1' ],
133 silly audit   '@tailwindcss/oxide-freebsd-x64': [ '4.2.1' ],
133 silly audit   '@tailwindcss/oxide-linux-arm-gnueabihf': [ '4.2.1' ],
133 silly audit   '@tailwindcss/oxide-linux-arm64-gnu': [ '4.2.1' ],
133 silly audit   '@tailwindcss/oxide-linux-arm64-musl': [ '4.2.1' ],
133 silly audit   '@tailwindcss/oxide-linux-x64-gnu': [ '4.2.1' ],
133 silly audit   '@tailwindcss/oxide-linux-x64-musl': [ '4.2.1' ],
133 silly audit   '@tailwindcss/oxide-win32-arm64-msvc': [ '4.2.1' ],
133 silly audit   '@tailwindcss/oxide-win32-x64-msvc': [ '4.2.1' ],
133 silly audit   '@tailwindcss/postcss': [ '4.2.1' ],
133 silly audit   '@tybys/wasm-util': [ '0.10.1' ],
133 silly audit   '@types/estree': [ '1.0.8' ],
133 silly audit   '@types/json-schema': [ '7.0.15' ],
133 silly audit   '@types/json5': [ '0.0.29' ],
133 silly audit   '@types/node': [ '20.19.37' ],
133 silly audit   '@types/react': [ '19.2.14' ],
133 silly audit   '@types/react-dom': [ '19.2.3' ],
133 silly audit   '@typescript-eslint/eslint-plugin': [ '8.56.1' ],
133 silly audit   ignore: [ '7.0.5', '5.3.2' ],
133 silly audit   '@typescript-eslint/parser': [ '8.56.1' ],
133 silly audit   '@typescript-eslint/project-service': [ '8.56.1' ],
133 silly audit   '@typescript-eslint/scope-manager': [ '8.56.1' ],
133 silly audit   '@typescript-eslint/tsconfig-utils': [ '8.56.1' ],
133 silly audit   '@typescript-eslint/type-utils': [ '8.56.1' ],
133 silly audit   '@typescript-eslint/types': [ '8.56.1' ],
133 silly audit   '@typescript-eslint/typescript-estree': [ '8.56.1' ],
133 silly audit   'balanced-match': [ '4.0.4', '1.0.2' ],
133 silly audit   'brace-expansion': [ '5.0.4', '1.1.12' ],
133 silly audit   minimatch: [ '10.2.4', '3.1.5' ],
133 silly audit   '@typescript-eslint/utils': [ '8.56.1' ],
133 silly audit   '@typescript-eslint/visitor-keys': [ '8.56.1' ],
133 silly audit   '@unrs/resolver-binding-android-arm-eabi': [ '1.11.1' ],
133 silly audit   '@unrs/resolver-binding-android-arm64': [ '1.11.1' ],
133 silly audit   '@unrs/resolver-binding-darwin-arm64': [ '1.11.1' ],
133 silly audit   '@unrs/resolver-binding-darwin-x64': [ '1.11.1' ],
133 silly audit   '@unrs/resolver-binding-freebsd-x64': [ '1.11.1' ],
133 silly audit   '@unrs/resolver-binding-linux-arm-gnueabihf': [ '1.11.1' ],
133 silly audit   '@unrs/resolver-binding-linux-arm-musleabihf': [ '1.11.1' ],
133 silly audit   '@unrs/resolver-binding-linux-arm64-gnu': [ '1.11.1' ],
133 silly audit   '@unrs/resolver-binding-linux-arm64-musl': [ '1.11.1' ],
133 silly audit   '@unrs/resolver-binding-linux-ppc64-gnu': [ '1.11.1' ],
133 silly audit   '@unrs/resolver-binding-linux-riscv64-gnu': [ '1.11.1' ],
133 silly audit   '@unrs/resolver-binding-linux-riscv64-musl': [ '1.11.1' ],
133 silly audit   '@unrs/resolver-binding-linux-s390x-gnu': [ '1.11.1' ],
133 silly audit   '@unrs/resolver-binding-linux-x64-gnu': [ '1.11.1' ],
133 silly audit   '@unrs/resolver-binding-linux-x64-musl': [ '1.11.1' ],
133 silly audit   '@unrs/resolver-binding-wasm32-wasi': [ '1.11.1' ],
133 silly audit   '@unrs/resolver-binding-win32-arm64-msvc': [ '1.11.1' ],
133 silly audit   '@unrs/resolver-binding-win32-ia32-msvc': [ '1.11.1' ],
133 silly audit   '@unrs/resolver-binding-win32-x64-msvc': [ '1.11.1' ],
133 silly audit   '@vercel/blob': [ '2.3.1' ],
133 silly audit   '@xmldom/xmldom': [ '0.8.11' ],
133 silly audit   acorn: [ '8.16.0' ],
133 silly audit   'acorn-jsx': [ '5.3.2' ],
133 silly audit   ajv: [ '6.14.0' ],
133 silly audit   'ansi-styles': [ '4.3.0' ],
133 silly audit   argparse: [ '2.0.1', '1.0.10' ],
133 silly audit   'aria-query': [ '5.3.2' ],
133 silly audit   'array-buffer-byte-length': [ '1.0.2' ],
133 silly audit   'array-includes': [ '3.1.9' ],
133 silly audit   'array.prototype.findlast': [ '1.2.5' ],
133 silly audit   'array.prototype.findlastindex': [ '1.2.6' ],
133 silly audit   'array.prototype.flat': [ '1.3.3' ],
133 silly audit   'array.prototype.flatmap': [ '1.3.3' ],
133 silly audit   'array.prototype.tosorted': [ '1.1.4' ],
133 silly audit   'arraybuffer.prototype.slice': [ '1.0.4' ],
133 silly audit   'ast-types-flow': [ '0.0.8' ],
133 silly audit   'async-function': [ '1.0.0' ],
133 silly audit   'async-retry': [ '1.3.3' ],
133 silly audit   'attr-accept': [ '2.2.5' ],
133 silly audit   'available-typed-arrays': [ '1.0.7' ],
133 silly audit   'axe-core': [ '4.11.1' ],
133 silly audit   'axobject-query': [ '4.1.0' ],
133 silly audit   'base64-js': [ '1.5.1' ],
133 silly audit   'baseline-browser-mapping': [ '2.10.0' ],
133 silly audit   bluebird: [ '3.4.7' ],
133 silly audit   braces: [ '3.0.3' ],
133 silly audit   'call-bind': [ '1.0.8' ],
133 silly audit   'call-bind-apply-helpers': [ '1.0.2' ],
133 silly audit   'call-bound': [ '1.0.4' ],
133 silly audit   callsites: [ '3.1.0' ],
133 silly audit   'caniuse-lite': [ '1.0.30001777' ],
133 silly audit   chalk: [ '4.1.2' ],
133 silly audit   'client-only': [ '0.0.1' ],
133 silly audit   'color-convert': [ '2.0.1' ],
133 silly audit   'color-name': [ '1.1.4' ],
133 silly audit   'concat-map': [ '0.0.1' ],
133 silly audit   'core-util-is': [ '1.0.3' ],
133 silly audit   'cross-spawn': [ '7.0.6' ],
133 silly audit   csstype: [ '3.2.3' ],
133 silly audit   'damerau-levenshtein': [ '1.0.8' ],
133 silly audit   'data-view-buffer': [ '1.0.2' ],
133 silly audit   'data-view-byte-length': [ '1.0.2' ],
133 silly audit   'data-view-byte-offset': [ '1.0.1' ],
133 silly audit   debug: [ '4.4.3', '3.2.7' ],
133 silly audit   'deep-is': [ '0.1.4' ],
133 silly audit   'define-data-property': [ '1.1.4' ],
133 silly audit   'define-properties': [ '1.2.1' ],
133 silly audit   'detect-libc': [ '2.1.2' ],
133 silly audit   'dingbat-to-unicode': [ '1.0.1' ],
133 silly audit   doctrine: [ '2.1.0' ],
133 silly audit   duck: [ '0.1.12' ],
133 silly audit   'dunder-proto': [ '1.0.1' ],
133 silly audit   'emoji-regex': [ '9.2.2' ],
133 silly audit   'enhanced-resolve': [ '5.20.0' ],
133 silly audit   'es-abstract': [ '1.24.1' ],
133 silly audit   'es-define-property': [ '1.0.1' ],
133 silly audit   'es-errors': [ '1.3.0' ],
133 silly audit   'es-iterator-helpers': [ '1.2.2' ],
133 silly audit   'es-object-atoms': [ '1.1.1' ],
133 silly audit   'es-set-tostringtag': [ '2.1.0' ],
133 silly audit   'es-shim-unscopables': [ '1.1.0' ],
133 silly audit   'es-to-primitive': [ '1.3.0' ],
133 silly audit   'escape-string-regexp': [ '4.0.0' ],
133 silly audit   eslint: [ '9.39.3' ],
133 silly audit   'eslint-config-next': [ '15.1.7' ],
133 silly audit   'eslint-import-resolver-node': [ '0.3.9' ],
133 silly audit   'eslint-import-resolver-typescript': [ '3.10.1' ],
133 silly audit   'eslint-module-utils': [ '2.12.1' ],
133 silly audit   'eslint-plugin-import': [ '2.32.0' ],
133 silly audit   semver: [ '6.3.1', '7.7.4' ],
133 silly audit   'eslint-plugin-jsx-a11y': [ '6.10.2' ],
133 silly audit   'eslint-plugin-react': [ '7.37.5' ],
133 silly audit   'eslint-plugin-react-hooks': [ '5.2.0' ],
133 silly audit   resolve: [ '2.0.0-next.6', '1.22.11' ],
133 silly audit   'eslint-scope': [ '8.4.0' ],
133 silly audit   espree: [ '10.4.0' ],
133 silly audit   esquery: [ '1.7.0' ],
133 silly audit   esrecurse: [ '4.3.0' ],
133 silly audit   estraverse: [ '5.3.0' ],
133 silly audit   esutils: [ '2.0.3' ],
133 silly audit   'fast-deep-equal': [ '3.1.3' ],
133 silly audit   'fast-glob': [ '3.3.1' ],
133 silly audit   'glob-parent': [ '5.1.2', '6.0.2' ],
133 silly audit   'fast-json-stable-stringify': [ '2.1.0' ],
133 silly audit   'fast-levenshtein': [ '2.0.6' ],
133 silly audit   fastq: [ '1.20.1' ],
133 silly audit   'file-entry-cache': [ '8.0.0' ],
133 silly audit   'file-selector': [ '2.1.2' ],
133 silly audit   'fill-range': [ '7.1.1' ],
133 silly audit   'find-up': [ '5.0.0' ],
133 silly audit   'flat-cache': [ '4.0.1' ],
133 silly audit   flatted: [ '3.3.4' ],
133 silly audit   'for-each': [ '0.3.5' ],
133 silly audit   'function-bind': [ '1.1.2' ],
133 silly audit   'function.prototype.name': [ '1.1.8' ],
133 silly audit   'functions-have-names': [ '1.2.3' ],
133 silly audit   'generator-function': [ '2.0.1' ],
133 silly audit   'get-intrinsic': [ '1.3.0' ],
133 silly audit   'get-proto': [ '1.0.1' ],
133 silly audit   'get-symbol-description': [ '1.1.0' ],
133 silly audit   'get-tsconfig': [ '4.13.6' ],
133 silly audit   globals: [ '14.0.0' ],
133 silly audit   globalthis: [ '1.0.4' ],
133 silly audit   gopd: [ '1.2.0' ],
133 silly audit   'graceful-fs': [ '4.2.11' ],
133 silly audit   'has-bigints': [ '1.1.0' ],
133 silly audit   'has-flag': [ '4.0.0' ],
133 silly audit   'has-property-descriptors': [ '1.0.2' ],
133 silly audit   'has-proto': [ '1.2.0' ],
133 silly audit   'has-symbols': [ '1.1.0' ],
133 silly audit   'has-tostringtag': [ '1.0.2' ],
133 silly audit   hasown: [ '2.0.2' ],
133 silly audit   immediate: [ '3.0.6' ],
133 silly audit   'import-fresh': [ '3.3.1' ],
133 silly audit   imurmurhash: [ '0.1.4' ],
133 silly audit   inherits: [ '2.0.4' ],
133 silly audit   'internal-slot': [ '1.1.0' ],
133 silly audit   'is-array-buffer': [ '3.0.5' ],
133 silly audit   'is-async-function': [ '2.1.1' ],
133 silly audit   'is-bigint': [ '1.1.0' ],
133 silly audit   'is-boolean-object': [ '1.2.2' ],
133 silly audit   'is-buffer': [ '2.0.5' ],
133 silly audit   'is-bun-module': [ '2.0.0' ],
133 silly audit   'is-callable': [ '1.2.7' ],
133 silly audit   'is-core-module': [ '2.16.1' ],
133 silly audit   'is-data-view': [ '1.0.2' ],
133 silly audit   'is-date-object': [ '1.1.0' ],
133 silly audit   'is-extglob': [ '2.1.1' ],
133 silly audit   'is-finalizationregistry': [ '1.1.1' ],
133 silly audit   'is-generator-function': [ '1.1.2' ],
133 silly audit   'is-glob': [ '4.0.3' ],
133 silly audit   'is-map': [ '2.0.3' ],
133 silly audit   'is-negative-zero': [ '2.0.3' ],
133 silly audit   'is-node-process': [ '1.2.0' ],
133 silly audit   'is-number': [ '7.0.0' ],
133 silly audit   'is-number-object': [ '1.1.1' ],
133 silly audit   'is-regex': [ '1.2.1' ],
133 silly audit   'is-set': [ '2.0.3' ],
133 silly audit   'is-shared-array-buffer': [ '1.0.4' ],
133 silly audit   'is-string': [ '1.1.1' ],
133 silly audit   'is-symbol': [ '1.1.1' ],
133 silly audit   'is-typed-array': [ '1.1.15' ],
133 silly audit   'is-weakmap': [ '2.0.2' ],
133 silly audit   'is-weakref': [ '1.1.1' ],
133 silly audit   'is-weakset': [ '2.0.4' ],
133 silly audit   isarray: [ '1.0.0', '2.0.5' ],
133 silly audit   isexe: [ '2.0.0' ],
133 silly audit   'iterator.prototype': [ '1.1.5' ],
133 silly audit   jiti: [ '2.6.1' ],
133 silly audit   'js-tokens': [ '4.0.0' ],
133 silly audit   'js-yaml': [ '4.1.1' ],
133 silly audit   'json-buffer': [ '3.0.1' ],
133 silly audit   'json-schema-traverse': [ '0.4.1' ],
133 silly audit   'json-stable-stringify-without-jsonify': [ '1.0.1' ],
133 silly audit   json5: [ '1.0.2' ],
133 silly audit   'jsx-ast-utils': [ '3.3.5' ],
133 silly audit   jszip: [ '3.10.1' ],
133 silly audit   keyv: [ '4.5.4' ],
133 silly audit   'language-subtag-registry': [ '0.3.23' ],
133 silly audit   'language-tags': [ '1.0.9' ],
133 silly audit   levn: [ '0.4.1' ],
133 silly audit   lie: [ '3.3.0' ],
133 silly audit   lightningcss: [ '1.31.1' ],
133 silly audit   'lightningcss-android-arm64': [ '1.31.1' ],
133 silly audit   'lightningcss-darwin-arm64': [ '1.31.1' ],
133 silly audit   'lightningcss-darwin-x64': [ '1.31.1' ],
133 silly audit   'lightningcss-freebsd-x64': [ '1.31.1' ],
133 silly audit   'lightningcss-linux-arm-gnueabihf': [ '1.31.1' ],
133 silly audit   'lightningcss-linux-arm64-gnu': [ '1.31.1' ],
133 silly audit   'lightningcss-linux-arm64-musl': [ '1.31.1' ],
133 silly audit   'lightningcss-linux-x64-gnu': [ '1.31.1' ],
133 silly audit   'lightningcss-linux-x64-musl': [ '1.31.1' ],
133 silly audit   'lightningcss-win32-arm64-msvc': [ '1.31.1' ],
133 silly audit   'lightningcss-win32-x64-msvc': [ '1.31.1' ],
133 silly audit   'locate-path': [ '6.0.0' ],
133 silly audit   'lodash.merge': [ '4.6.2' ],
133 silly audit   'loose-envify': [ '1.4.0' ],
133 silly audit   lop: [ '0.4.2' ],
133 silly audit   'magic-string': [ '0.30.21' ],
133 silly audit   mammoth: [ '1.11.0' ],
133 silly audit   'math-intrinsics': [ '1.1.0' ],
133 silly audit   merge2: [ '1.4.1' ],
133 silly audit   micromatch: [ '4.0.8' ],
133 silly audit   minimist: [ '1.2.8' ],
133 silly audit   ms: [ '2.1.3' ],
133 silly audit   nanoid: [ '3.3.11' ],
133 silly audit   'napi-postinstall': [ '0.3.4' ],
133 silly audit   'natural-compare': [ '1.4.0' ],
133 silly audit   next: [ '16.1.6' ],
133 silly audit   postcss: [ '8.4.31', '8.5.8' ],
133 silly audit   'node-exports-info': [ '1.6.0' ],
133 silly audit   'object-assign': [ '4.1.1' ],
133 silly audit   'object-inspect': [ '1.13.4' ],
133 silly audit   'object-keys': [ '1.1.1' ],
133 silly audit   'object.assign': [ '4.1.7' ],
133 silly audit   'object.entries': [ '1.1.9' ],
133 silly audit   'object.fromentries': [ '2.0.8' ],
133 silly audit   'object.groupby': [ '1.0.3' ],
133 silly audit   'object.values': [ '1.2.1' ],
133 silly audit   option: [ '0.2.4' ],
133 silly audit   optionator: [ '0.9.4' ],
133 silly audit   'own-keys': [ '1.0.1' ],
133 silly audit   'p-limit': [ '3.1.0' ],
133 silly audit   'p-locate': [ '5.0.0' ],
133 silly audit   pako: [ '1.0.11' ],
133 silly audit   'parent-module': [ '1.0.1' ],
133 silly audit   'path-exists': [ '4.0.0' ],
133 silly audit   'path-is-absolute': [ '1.0.1' ],
133 silly audit   'path-key': [ '3.1.1' ],
133 silly audit   'path-parse': [ '1.0.7' ],
133 silly audit   'pdf-parse': [ '2.4.5' ],
133 silly audit   'pdfjs-dist': [ '5.4.296' ],
133 silly audit   picocolors: [ '1.1.1' ],
133 silly audit   picomatch: [ '2.3.1', '4.0.3' ],
133 silly audit   'possible-typed-array-names': [ '1.1.0' ],
133 silly audit   'prelude-ls': [ '1.2.1' ],
133 silly audit   'process-nextick-args': [ '2.0.1' ],
133 silly audit   'prop-types': [ '15.8.1' ],
133 silly audit   retry: [ '0.13.1' ],
133 silly audit   punycode: [ '2.3.1' ],
133 silly audit   'queue-microtask': [ '1.2.3' ],
133 silly audit   react: [ '19.0.0' ],
133 silly audit   'react-dom': [ '19.0.0' ],
133 silly audit   'react-dropzone': [ '15.0.0' ],
133 silly audit   'react-is': [ '16.13.1' ],
133 silly audit   'readable-stream': [ '2.3.8' ],
133 silly audit   'reflect.getprototypeof': [ '1.0.10' ],
133 silly audit   'regexp.prototype.flags': [ '1.5.4' ],
133 silly audit   'resolve-from': [ '4.0.0' ],
133 silly audit   'resolve-pkg-maps': [ '1.0.0' ],
133 silly audit   reusify: [ '1.1.0' ],
133 silly audit   'run-parallel': [ '1.2.0' ],
133 silly audit   'safe-array-concat': [ '1.1.3' ],
133 silly audit   'safe-buffer': [ '5.1.2' ],
133 silly audit   'safe-push-apply': [ '1.0.0' ],
133 silly audit   'safe-regex-test': [ '1.1.0' ],
133 silly audit   scheduler: [ '0.25.0' ],
133 silly audit   'set-function-length': [ '1.2.2' ],
133 silly audit   'set-function-name': [ '2.0.2' ],
133 silly audit   'set-proto': [ '1.0.0' ],
133 silly audit   setimmediate: [ '1.0.5' ],
133 silly audit   sharp: [ '0.34.5' ],
133 silly audit   'shebang-command': [ '2.0.0' ],
133 silly audit   'shebang-regex': [ '3.0.0' ],
133 silly audit   'side-channel': [ '1.1.0' ],
133 silly audit   'side-channel-list': [ '1.0.0' ],
133 silly audit   'side-channel-map': [ '1.0.1' ],
133 silly audit   'side-channel-weakmap': [ '1.0.2' ],
133 silly audit   'source-map-js': [ '1.2.1' ],
133 silly audit   'sprintf-js': [ '1.0.3' ],
133 silly audit   'stable-hash': [ '0.0.5' ],
133 silly audit   'stop-iteration-iterator': [ '1.1.0' ],
133 silly audit   string_decoder: [ '1.1.1' ],
133 silly audit   'string.prototype.includes': [ '2.0.1' ],
133 silly audit   'string.prototype.matchall': [ '4.0.12' ],
133 silly audit   'string.prototype.repeat': [ '1.0.0' ],
133 silly audit   'string.prototype.trim': [ '1.2.10' ],
133 silly audit   'string.prototype.trimend': [ '1.0.9' ],
133 silly audit   'string.prototype.trimstart': [ '1.0.8' ],
133 silly audit   'strip-bom': [ '3.0.0' ],
133 silly audit   'strip-json-comments': [ '3.1.1' ],
133 silly audit   'styled-jsx': [ '5.1.6' ],
133 silly audit   'supports-color': [ '7.2.0' ],
133 silly audit   'supports-preserve-symlinks-flag': [ '1.0.0' ],
133 silly audit   tailwindcss: [ '4.2.1' ],
133 silly audit   tapable: [ '2.3.0' ],
133 silly audit   throttleit: [ '2.1.0' ],
133 silly audit   tinyglobby: [ '0.2.15' ],
133 silly audit   fdir: [ '6.5.0' ],
133 silly audit   'to-regex-range': [ '5.0.1' ],
133 silly audit   'ts-api-utils': [ '2.4.0' ],
133 silly audit   'tsconfig-paths': [ '3.15.0' ],
133 silly audit   tslib: [ '2.8.1' ],
133 silly audit   'type-check': [ '0.4.0' ],
133 silly audit   'typed-array-buffer': [ '1.0.3' ],
133 silly audit   'typed-array-byte-length': [ '1.0.3' ],
133 silly audit   'typed-array-byte-offset': [ '1.0.4' ],
133 silly audit   'typed-array-length': [ '1.0.7' ],
133 silly audit   typescript: [ '5.9.3' ],
133 silly audit   'unbox-primitive': [ '1.1.0' ],
133 silly audit   underscore: [ '1.13.8' ],
133 silly audit   undici: [ '6.23.0' ],
133 silly audit   'undici-types': [ '6.21.0' ],
133 silly audit   'unrs-resolver': [ '1.11.1' ],
133 silly audit   'uri-js': [ '4.4.1' ],
133 silly audit   'util-deprecate': [ '1.0.2' ],
133 silly audit   which: [ '2.0.2' ],
133 silly audit   'which-boxed-primitive': [ '1.1.1' ],
133 silly audit   'which-builtin-type': [ '1.2.1' ],
133 silly audit   'which-collection': [ '1.0.2' ],
133 silly audit   'which-typed-array': [ '1.1.20' ],
133 silly audit   'word-wrap': [ '1.2.5' ],
133 silly audit   xmlbuilder: [ '10.1.1' ],
133 silly audit   'yocto-queue': [ '0.1.0' ],
133 silly audit   'youtube-transcript': [ '1.2.1' ],
133 silly audit   '@prisma/client': [ '5.22.0' ],
133 silly audit   prisma: [ '5.22.0' ],
133 silly audit   '@prisma/engines': [ '5.22.0' ],
133 silly audit   fsevents: [ '2.3.3' ],
133 silly audit   '@prisma/debug': [ '5.22.0' ],
133 silly audit   '@prisma/engines-version': [ '5.22.0-44.605197351a3c8bdd595af2d2a9bc3025bca48ea2' ],
133 silly audit   '@prisma/fetch-engine': [ '5.22.0' ],
133 silly audit   '@prisma/get-platform': [ '5.22.0' ],
133 silly audit   '@tailwindcss/oxide-wasm32-wasi': [ '4.2.1' ]
133 silly audit }
134 verbose reify failed optional dependency D:\nura ai\node_modules\fsevents
135 silly reify mark deleted [ 'D:\\nura ai\\node_modules\\fsevents' ]
136 verbose reify failed optional dependency D:\nura ai\node_modules\lightningcss-win32-arm64-msvc
137 silly reify mark deleted [ 'D:\\nura ai\\node_modules\\lightningcss-win32-arm64-msvc' ]
138 verbose reify failed optional dependency D:\nura ai\node_modules\lightningcss-linux-x64-musl
139 silly reify mark deleted [ 'D:\\nura ai\\node_modules\\lightningcss-linux-x64-musl' ]
140 verbose reify failed optional dependency D:\nura ai\node_modules\lightningcss-linux-x64-gnu
141 silly reify mark deleted [ 'D:\\nura ai\\node_modules\\lightningcss-linux-x64-gnu' ]
142 verbose reify failed optional dependency D:\nura ai\node_modules\lightningcss-linux-arm64-musl
143 silly reify mark deleted [ 'D:\\nura ai\\node_modules\\lightningcss-linux-arm64-musl' ]
144 verbose reify failed optional dependency D:\nura ai\node_modules\lightningcss-linux-arm64-gnu
145 silly reify mark deleted [ 'D:\\nura ai\\node_modules\\lightningcss-linux-arm64-gnu' ]
146 verbose reify failed optional dependency D:\nura ai\node_modules\lightningcss-linux-arm-gnueabihf
147 silly reify mark deleted [ 'D:\\nura ai\\node_modules\\lightningcss-linux-arm-gnueabihf' ]
148 verbose reify failed optional dependency D:\nura ai\node_modules\lightningcss-freebsd-x64
149 silly reify mark deleted [ 'D:\\nura ai\\node_modules\\lightningcss-freebsd-x64' ]
150 verbose reify failed optional dependency D:\nura ai\node_modules\lightningcss-darwin-x64
151 silly reify mark deleted [ 'D:\\nura ai\\node_modules\\lightningcss-darwin-x64' ]
152 verbose reify failed optional dependency D:\nura ai\node_modules\lightningcss-darwin-arm64
153 silly reify mark deleted [ 'D:\\nura ai\\node_modules\\lightningcss-darwin-arm64' ]
154 verbose reify failed optional dependency D:\nura ai\node_modules\lightningcss-android-arm64
155 silly reify mark deleted [ 'D:\\nura ai\\node_modules\\lightningcss-android-arm64' ]
156 verbose reify failed optional dependency D:\nura ai\node_modules\@unrs\resolver-binding-win32-ia32-msvc
157 silly reify mark deleted [
157 silly reify   'D:\\nura ai\\node_modules\\@unrs\\resolver-binding-win32-ia32-msvc'
157 silly reify ]
158 verbose reify failed optional dependency D:\nura ai\node_modules\@unrs\resolver-binding-win32-arm64-msvc
159 silly reify mark deleted [
159 silly reify   'D:\\nura ai\\node_modules\\@unrs\\resolver-binding-win32-arm64-msvc'
159 silly reify ]
160 verbose reify failed optional dependency D:\nura ai\node_modules\@unrs\resolver-binding-wasm32-wasi
161 silly reify mark deleted [ 'D:\\nura ai\\node_modules\\@unrs\\resolver-binding-wasm32-wasi' ]
162 verbose reify failed optional dependency D:\nura ai\node_modules\@unrs\resolver-binding-linux-x64-musl
163 silly reify mark deleted [ 'D:\\nura ai\\node_modules\\@unrs\\resolver-binding-linux-x64-musl' ]
164 verbose reify failed optional dependency D:\nura ai\node_modules\@unrs\resolver-binding-linux-x64-gnu
165 silly reify mark deleted [ 'D:\\nura ai\\node_modules\\@unrs\\resolver-binding-linux-x64-gnu' ]
166 verbose reify failed optional dependency D:\nura ai\node_modules\@unrs\resolver-binding-linux-s390x-gnu
167 silly reify mark deleted [
167 silly reify   'D:\\nura ai\\node_modules\\@unrs\\resolver-binding-linux-s390x-gnu'
167 silly reify ]
168 verbose reify failed optional dependency D:\nura ai\node_modules\@unrs\resolver-binding-linux-riscv64-musl
169 silly reify mark deleted [
169 silly reify   'D:\\nura ai\\node_modules\\@unrs\\resolver-binding-linux-riscv64-musl'
169 silly reify ]
170 verbose reify failed optional dependency D:\nura ai\node_modules\@unrs\resolver-binding-linux-riscv64-gnu
171 silly reify mark deleted [
171 silly reify   'D:\\nura ai\\node_modules\\@unrs\\resolver-binding-linux-riscv64-gnu'
171 silly reify ]
172 verbose reify failed optional dependency D:\nura ai\node_modules\@unrs\resolver-binding-linux-ppc64-gnu
173 silly reify mark deleted [
173 silly reify   'D:\\nura ai\\node_modules\\@unrs\\resolver-binding-linux-ppc64-gnu'
173 silly reify ]
174 verbose reify failed optional dependency D:\nura ai\node_modules\@unrs\resolver-binding-linux-arm64-musl
175 silly reify mark deleted [
175 silly reify   'D:\\nura ai\\node_modules\\@unrs\\resolver-binding-linux-arm64-musl'
175 silly reify ]
176 verbose reify failed optional dependency D:\nura ai\node_modules\@unrs\resolver-binding-linux-arm64-gnu
177 silly reify mark deleted [
177 silly reify   'D:\\nura ai\\node_modules\\@unrs\\resolver-binding-linux-arm64-gnu'
177 silly reify ]
178 verbose reify failed optional dependency D:\nura ai\node_modules\@unrs\resolver-binding-linux-arm-musleabihf
179 silly reify mark deleted [
179 silly reify   'D:\\nura ai\\node_modules\\@unrs\\resolver-binding-linux-arm-musleabihf'
179 silly reify ]
180 verbose reify failed optional dependency D:\nura ai\node_modules\@unrs\resolver-binding-linux-arm-gnueabihf
181 silly reify mark deleted [
181 silly reify   'D:\\nura ai\\node_modules\\@unrs\\resolver-binding-linux-arm-gnueabihf'
181 silly reify ]
182 verbose reify failed optional dependency D:\nura ai\node_modules\@unrs\resolver-binding-freebsd-x64
183 silly reify mark deleted [ 'D:\\nura ai\\node_modules\\@unrs\\resolver-binding-freebsd-x64' ]
184 verbose reify failed optional dependency D:\nura ai\node_modules\@unrs\resolver-binding-darwin-x64
185 silly reify mark deleted [ 'D:\\nura ai\\node_modules\\@unrs\\resolver-binding-darwin-x64' ]
186 verbose reify failed optional dependency D:\nura ai\node_modules\@unrs\resolver-binding-darwin-arm64
187 silly reify mark deleted [ 'D:\\nura ai\\node_modules\\@unrs\\resolver-binding-darwin-arm64' ]
188 verbose reify failed optional dependency D:\nura ai\node_modules\@unrs\resolver-binding-android-arm64
189 silly reify mark deleted [ 'D:\\nura ai\\node_modules\\@unrs\\resolver-binding-android-arm64' ]
190 verbose reify failed optional dependency D:\nura ai\node_modules\@unrs\resolver-binding-android-arm-eabi
191 silly reify mark deleted [
191 silly reify   'D:\\nura ai\\node_modules\\@unrs\\resolver-binding-android-arm-eabi'
191 silly reify ]
192 verbose reify failed optional dependency D:\nura ai\node_modules\@tailwindcss\oxide-win32-arm64-msvc
193 silly reify mark deleted [ 'D:\\nura ai\\node_modules\\@tailwindcss\\oxide-win32-arm64-msvc' ]
194 verbose reify failed optional dependency D:\nura ai\node_modules\@tailwindcss\oxide-linux-x64-musl
195 silly reify mark deleted [ 'D:\\nura ai\\node_modules\\@tailwindcss\\oxide-linux-x64-musl' ]
196 verbose reify failed optional dependency D:\nura ai\node_modules\@tailwindcss\oxide-linux-x64-gnu
197 silly reify mark deleted [ 'D:\\nura ai\\node_modules\\@tailwindcss\\oxide-linux-x64-gnu' ]
198 verbose reify failed optional dependency D:\nura ai\node_modules\@tailwindcss\oxide-linux-arm64-musl
199 silly reify mark deleted [ 'D:\\nura ai\\node_modules\\@tailwindcss\\oxide-linux-arm64-musl' ]
200 verbose reify failed optional dependency D:\nura ai\node_modules\@tailwindcss\oxide-linux-arm64-gnu
201 silly reify mark deleted [ 'D:\\nura ai\\node_modules\\@tailwindcss\\oxide-linux-arm64-gnu' ]
202 verbose reify failed optional dependency D:\nura ai\node_modules\@tailwindcss\oxide-linux-arm-gnueabihf
203 silly reify mark deleted [
203 silly reify   'D:\\nura ai\\node_modules\\@tailwindcss\\oxide-linux-arm-gnueabihf'
203 silly reify ]
204 verbose reify failed optional dependency D:\nura ai\node_modules\@tailwindcss\oxide-freebsd-x64
205 silly reify mark deleted [ 'D:\\nura ai\\node_modules\\@tailwindcss\\oxide-freebsd-x64' ]
206 verbose reify failed optional dependency D:\nura ai\node_modules\@tailwindcss\oxide-darwin-x64
207 silly reify mark deleted [ 'D:\\nura ai\\node_modules\\@tailwindcss\\oxide-darwin-x64' ]
208 verbose reify failed optional dependency D:\nura ai\node_modules\@tailwindcss\oxide-darwin-arm64
209 silly reify mark deleted [ 'D:\\nura ai\\node_modules\\@tailwindcss\\oxide-darwin-arm64' ]
210 verbose reify failed optional dependency D:\nura ai\node_modules\@tailwindcss\oxide-android-arm64
211 silly reify mark deleted [ 'D:\\nura ai\\node_modules\\@tailwindcss\\oxide-android-arm64' ]
212 verbose reify failed optional dependency D:\nura ai\node_modules\@next\swc-win32-arm64-msvc
213 silly reify mark deleted [ 'D:\\nura ai\\node_modules\\@next\\swc-win32-arm64-msvc' ]
214 verbose reify failed optional dependency D:\nura ai\node_modules\@next\swc-linux-x64-musl
215 silly reify mark deleted [ 'D:\\nura ai\\node_modules\\@next\\swc-linux-x64-musl' ]
216 verbose reify failed optional dependency D:\nura ai\node_modules\@next\swc-linux-x64-gnu
217 silly reify mark deleted [ 'D:\\nura ai\\node_modules\\@next\\swc-linux-x64-gnu' ]
218 verbose reify failed optional dependency D:\nura ai\node_modules\@next\swc-linux-arm64-musl
219 silly reify mark deleted [ 'D:\\nura ai\\node_modules\\@next\\swc-linux-arm64-musl' ]
220 verbose reify failed optional dependency D:\nura ai\node_modules\@next\swc-linux-arm64-gnu
221 silly reify mark deleted [ 'D:\\nura ai\\node_modules\\@next\\swc-linux-arm64-gnu' ]
222 verbose reify failed optional dependency D:\nura ai\node_modules\@next\swc-darwin-x64
223 silly reify mark deleted [ 'D:\\nura ai\\node_modules\\@next\\swc-darwin-x64' ]
224 verbose reify failed optional dependency D:\nura ai\node_modules\@next\swc-darwin-arm64
225 silly reify mark deleted [ 'D:\\nura ai\\node_modules\\@next\\swc-darwin-arm64' ]
226 verbose reify failed optional dependency D:\nura ai\node_modules\@napi-rs\canvas-linux-x64-musl
227 silly reify mark deleted [ 'D:\\nura ai\\node_modules\\@napi-rs\\canvas-linux-x64-musl' ]
228 verbose reify failed optional dependency D:\nura ai\node_modules\@napi-rs\canvas-linux-x64-gnu
229 silly reify mark deleted [ 'D:\\nura ai\\node_modules\\@napi-rs\\canvas-linux-x64-gnu' ]
230 verbose reify failed optional dependency D:\nura ai\node_modules\@napi-rs\canvas-linux-riscv64-gnu
231 silly reify mark deleted [ 'D:\\nura ai\\node_modules\\@napi-rs\\canvas-linux-riscv64-gnu' ]
232 verbose reify failed optional dependency D:\nura ai\node_modules\@napi-rs\canvas-linux-arm64-musl
233 silly reify mark deleted [ 'D:\\nura ai\\node_modules\\@napi-rs\\canvas-linux-arm64-musl' ]
234 verbose reify failed optional dependency D:\nura ai\node_modules\@napi-rs\canvas-linux-arm64-gnu
235 silly reify mark deleted [ 'D:\\nura ai\\node_modules\\@napi-rs\\canvas-linux-arm64-gnu' ]
236 verbose reify failed optional dependency D:\nura ai\node_modules\@napi-rs\canvas-linux-arm-gnueabihf
237 silly reify mark deleted [ 'D:\\nura ai\\node_modules\\@napi-rs\\canvas-linux-arm-gnueabihf' ]
238 verbose reify failed optional dependency D:\nura ai\node_modules\@napi-rs\canvas-darwin-x64
239 silly reify mark deleted [ 'D:\\nura ai\\node_modules\\@napi-rs\\canvas-darwin-x64' ]
240 verbose reify failed optional dependency D:\nura ai\node_modules\@napi-rs\canvas-darwin-arm64
241 silly reify mark deleted [ 'D:\\nura ai\\node_modules\\@napi-rs\\canvas-darwin-arm64' ]
242 verbose reify failed optional dependency D:\nura ai\node_modules\@napi-rs\canvas-android-arm64
243 silly reify mark deleted [ 'D:\\nura ai\\node_modules\\@napi-rs\\canvas-android-arm64' ]
244 verbose reify failed optional dependency D:\nura ai\node_modules\@img\sharp-win32-ia32
245 silly reify mark deleted [ 'D:\\nura ai\\node_modules\\@img\\sharp-win32-ia32' ]
246 verbose reify failed optional dependency D:\nura ai\node_modules\@img\sharp-win32-arm64
247 silly reify mark deleted [ 'D:\\nura ai\\node_modules\\@img\\sharp-win32-arm64' ]
248 verbose reify failed optional dependency D:\nura ai\node_modules\@img\sharp-wasm32
249 silly reify mark deleted [ 'D:\\nura ai\\node_modules\\@img\\sharp-wasm32' ]
250 verbose reify failed optional dependency D:\nura ai\node_modules\@img\sharp-linuxmusl-x64
251 silly reify mark deleted [ 'D:\\nura ai\\node_modules\\@img\\sharp-linuxmusl-x64' ]
252 verbose reify failed optional dependency D:\nura ai\node_modules\@img\sharp-linuxmusl-arm64
253 silly reify mark deleted [ 'D:\\nura ai\\node_modules\\@img\\sharp-linuxmusl-arm64' ]
254 verbose reify failed optional dependency D:\nura ai\node_modules\@img\sharp-linux-x64
255 silly reify mark deleted [ 'D:\\nura ai\\node_modules\\@img\\sharp-linux-x64' ]
256 verbose reify failed optional dependency D:\nura ai\node_modules\@img\sharp-linux-s390x
257 silly reify mark deleted [ 'D:\\nura ai\\node_modules\\@img\\sharp-linux-s390x' ]
258 verbose reify failed optional dependency D:\nura ai\node_modules\@img\sharp-linux-riscv64
259 silly reify mark deleted [ 'D:\\nura ai\\node_modules\\@img\\sharp-linux-riscv64' ]
260 verbose reify failed optional dependency D:\nura ai\node_modules\@img\sharp-linux-ppc64
261 silly reify mark deleted [ 'D:\\nura ai\\node_modules\\@img\\sharp-linux-ppc64' ]
262 verbose reify failed optional dependency D:\nura ai\node_modules\@img\sharp-linux-arm64
263 silly reify mark deleted [ 'D:\\nura ai\\node_modules\\@img\\sharp-linux-arm64' ]
264 verbose reify failed optional dependency D:\nura ai\node_modules\@img\sharp-linux-arm
265 silly reify mark deleted [ 'D:\\nura ai\\node_modules\\@img\\sharp-linux-arm' ]
266 verbose reify failed optional dependency D:\nura ai\node_modules\@img\sharp-libvips-linuxmusl-x64
267 silly reify mark deleted [ 'D:\\nura ai\\node_modules\\@img\\sharp-libvips-linuxmusl-x64' ]
268 verbose reify failed optional dependency D:\nura ai\node_modules\@img\sharp-libvips-linuxmusl-arm64
269 silly reify mark deleted [ 'D:\\nura ai\\node_modules\\@img\\sharp-libvips-linuxmusl-arm64' ]
270 verbose reify failed optional dependency D:\nura ai\node_modules\@img\sharp-libvips-linux-x64
271 silly reify mark deleted [ 'D:\\nura ai\\node_modules\\@img\\sharp-libvips-linux-x64' ]
272 verbose reify failed optional dependency D:\nura ai\node_modules\@img\sharp-libvips-linux-s390x
273 silly reify mark deleted [ 'D:\\nura ai\\node_modules\\@img\\sharp-libvips-linux-s390x' ]
274 verbose reify failed optional dependency D:\nura ai\node_modules\@img\sharp-libvips-linux-riscv64
275 silly reify mark deleted [ 'D:\\nura ai\\node_modules\\@img\\sharp-libvips-linux-riscv64' ]
276 verbose reify failed optional dependency D:\nura ai\node_modules\@img\sharp-libvips-linux-ppc64
277 silly reify mark deleted [ 'D:\\nura ai\\node_modules\\@img\\sharp-libvips-linux-ppc64' ]
278 verbose reify failed optional dependency D:\nura ai\node_modules\@img\sharp-libvips-linux-arm64
279 silly reify mark deleted [ 'D:\\nura ai\\node_modules\\@img\\sharp-libvips-linux-arm64' ]
280 verbose reify failed optional dependency D:\nura ai\node_modules\@img\sharp-libvips-linux-arm
281 silly reify mark deleted [ 'D:\\nura ai\\node_modules\\@img\\sharp-libvips-linux-arm' ]
282 verbose reify failed optional dependency D:\nura ai\node_modules\@img\sharp-libvips-darwin-x64
283 silly reify mark deleted [ 'D:\\nura ai\\node_modules\\@img\\sharp-libvips-darwin-x64' ]
284 verbose reify failed optional dependency D:\nura ai\node_modules\@img\sharp-libvips-darwin-arm64
285 silly reify mark deleted [ 'D:\\nura ai\\node_modules\\@img\\sharp-libvips-darwin-arm64' ]
286 verbose reify failed optional dependency D:\nura ai\node_modules\@img\sharp-darwin-x64
287 silly reify mark deleted [ 'D:\\nura ai\\node_modules\\@img\\sharp-darwin-x64' ]
288 verbose reify failed optional dependency D:\nura ai\node_modules\@img\sharp-darwin-arm64
289 silly reify mark deleted [ 'D:\\nura ai\\node_modules\\@img\\sharp-darwin-arm64' ]
290 http cache @prisma/fetch-engine@https://registry.npmjs.org/@prisma/fetch-engine/-/fetch-engine-5.22.0.tgz 0ms (cache hit)
291 http cache @prisma/get-platform@https://registry.npmjs.org/@prisma/get-platform/-/get-platform-5.22.0.tgz 0ms (cache hit)
292 http cache @prisma/engines@https://registry.npmjs.org/@prisma/engines/-/engines-5.22.0.tgz 0ms (cache hit)
293 silly tarball no local data for @prisma/fetch-engine@https://registry.npmjs.org/@prisma/fetch-engine/-/fetch-engine-5.22.0.tgz. Extracting by manifest.
294 http cache @prisma/engines-version@https://registry.npmjs.org/@prisma/engines-version/-/engines-version-5.22.0-44.605197351a3c8bdd595af2d2a9bc3025bca48ea2.tgz 0ms (cache hit)
295 silly tarball no local data for @prisma/get-platform@https://registry.npmjs.org/@prisma/get-platform/-/get-platform-5.22.0.tgz. Extracting by manifest.
296 silly tarball no local data for @prisma/engines@https://registry.npmjs.org/@prisma/engines/-/engines-5.22.0.tgz. Extracting by manifest.
297 http cache prisma@https://registry.npmjs.org/prisma/-/prisma-5.22.0.tgz 0ms (cache hit)
298 http cache @prisma/debug@https://registry.npmjs.org/@prisma/debug/-/debug-5.22.0.tgz 0ms (cache hit)
299 http cache @prisma/client@https://registry.npmjs.org/@prisma/client/-/client-5.22.0.tgz 0ms (cache hit)
300 silly tarball no local data for @prisma/engines-version@https://registry.npmjs.org/@prisma/engines-version/-/engines-version-5.22.0-44.605197351a3c8bdd595af2d2a9bc3025bca48ea2.tgz. Extracting by manifest.
301 silly tarball no local data for prisma@https://registry.npmjs.org/prisma/-/prisma-5.22.0.tgz. Extracting by manifest.
302 silly tarball no local data for @prisma/debug@https://registry.npmjs.org/@prisma/debug/-/debug-5.22.0.tgz. Extracting by manifest.
303 silly tarball no local data for @prisma/client@https://registry.npmjs.org/@prisma/client/-/client-5.22.0.tgz. Extracting by manifest.
304 http fetch POST 200 https://registry.npmjs.org/-/npm/v1/security/advisories/bulk 281ms
305 silly audit report {}
306 http fetch GET 200 https://registry.npmjs.org/@prisma/engines-version/-/engines-version-5.22.0-44.605197351a3c8bdd595af2d2a9bc3025bca48ea2.tgz 649ms (cache miss)
307 http fetch GET 200 https://registry.npmjs.org/@prisma/engines/-/engines-5.22.0.tgz 978ms (cache miss)
308 http fetch GET 200 https://registry.npmjs.org/@prisma/debug/-/debug-5.22.0.tgz 997ms (cache miss)
309 http fetch GET 200 https://registry.npmjs.org/@prisma/get-platform/-/get-platform-5.22.0.tgz 1063ms (cache miss)
310 http fetch GET 200 https://registry.npmjs.org/@prisma/fetch-engine/-/fetch-engine-5.22.0.tgz 1676ms (cache miss)
311 http fetch GET 200 https://registry.npmjs.org/prisma/-/prisma-5.22.0.tgz 5522ms (cache miss)
312 http fetch GET 200 https://registry.npmjs.org/@prisma/client/-/client-5.22.0.tgz 7702ms (cache miss)
313 info run prisma@5.22.0 preinstall node_modules/prisma node scripts/preinstall-entry.js
314 info run prisma@5.22.0 preinstall { code: 0, signal: null }
315 info run @prisma/client@5.22.0 postinstall node_modules/@prisma/client node scripts/postinstall.js
316 info run @prisma/engines@5.22.0 postinstall node_modules/@prisma/engines node scripts/postinstall.js
317 info run @prisma/engines@5.22.0 postinstall { code: 0, signal: null }
318 info run @prisma/client@5.22.0 postinstall { code: 0, signal: null }
319 silly ADD
320 silly ADD
321 silly ADD
322 silly ADD
323 silly ADD
324 silly ADD
325 silly ADD
326 silly ADD
327 silly ADD
328 silly ADD
329 silly ADD
330 silly ADD
331 silly ADD
332 silly ADD
333 silly ADD
334 silly ADD
335 silly ADD
336 silly ADD
337 silly ADD
338 silly ADD
339 silly ADD
340 silly ADD
341 silly ADD
342 silly ADD
343 silly ADD
344 silly ADD
345 silly ADD
346 silly ADD
347 silly ADD
348 silly ADD
349 silly ADD
350 silly ADD
351 silly ADD
352 silly ADD
353 silly ADD
354 silly ADD
355 silly ADD
356 silly ADD
357 silly ADD
358 silly ADD
359 silly ADD
360 silly ADD
361 silly ADD
362 silly ADD
363 silly ADD
364 silly ADD
365 silly ADD
366 silly ADD
367 silly ADD
368 silly ADD
369 silly ADD
370 silly ADD
371 silly ADD
372 silly ADD
373 silly ADD
374 silly ADD
375 silly ADD
376 silly ADD
377 silly ADD
378 silly ADD
379 silly ADD
380 silly ADD
381 silly ADD
382 silly ADD
383 silly ADD
384 silly ADD
385 silly ADD
386 silly ADD
387 silly ADD
388 silly ADD
389 silly ADD
390 silly ADD
391 silly ADD
392 silly ADD
393 silly ADD
394 silly ADD
395 silly ADD
396 silly ADD
397 silly ADD
398 silly REMOVE node_modules/@prisma/query-plan-executor
399 silly REMOVE node_modules/@standard-schema/spec
400 silly CHANGE node_modules/@prisma/fetch-engine
401 silly REMOVE node_modules/@prisma/fetch-engine/node_modules/@prisma/get-platform
402 silly CHANGE node_modules/@prisma/engines-version
403 silly REMOVE node_modules/@prisma/studio-core
404 silly CHANGE node_modules/@prisma/get-platform
405 silly REMOVE node_modules/@prisma/get-platform/node_modules/@prisma/debug
406 silly REMOVE node_modules/@prisma/dev
407 silly CHANGE node_modules/@prisma/engines
408 silly REMOVE node_modules/@prisma/engines/node_modules/@prisma/get-platform
409 silly CHANGE node_modules/@prisma/debug
410 silly REMOVE node_modules/@prisma/client-runtime-utils
411 silly REMOVE node_modules/@prisma/config
412 silly CHANGE node_modules/@prisma/client
413 silly REMOVE node_modules/@mrleebo/prisma-ast
414 silly REMOVE node_modules/@hono/node-server
415 silly REMOVE node_modules/@electric-sql/pglite-tools
416 silly REMOVE node_modules/@electric-sql/pglite-socket
417 silly REMOVE node_modules/@electric-sql/pglite
418 silly REMOVE node_modules/@chevrotain/types
419 silly REMOVE node_modules/@chevrotain/utils
420 silly REMOVE node_modules/@chevrotain/gast
421 silly REMOVE node_modules/@chevrotain/cst-dts-gen
422 silly REMOVE node_modules/zeptomatch
423 silly REMOVE node_modules/valibot
424 silly REMOVE node_modules/tinyexec
425 silly REMOVE node_modules/std-env
426 silly REMOVE node_modules/sqlstring
427 silly REMOVE node_modules/signal-exit
428 silly REMOVE node_modules/seq-queue
429 silly REMOVE node_modules/safer-buffer
430 silly REMOVE node_modules/remeda
431 silly REMOVE node_modules/regexp-to-ast
432 silly REMOVE node_modules/readdirp
433 silly REMOVE node_modules/rc9
434 silly REMOVE node_modules/pure-rand
435 silly REMOVE node_modules/proper-lockfile
436 silly REMOVE node_modules/proper-lockfile/node_modules/signal-exit
437 silly REMOVE node_modules/proper-lockfile/node_modules/retry
438 silly CHANGE node_modules/prisma
439 silly REMOVE node_modules/postgres
440 silly REMOVE node_modules/perfect-debounce
441 silly REMOVE node_modules/pkg-types
442 silly REMOVE node_modules/pathe
443 silly REMOVE node_modules/ohash
444 silly REMOVE node_modules/nypm
445 silly REMOVE node_modules/nypm/node_modules/citty
446 silly REMOVE node_modules/node-fetch-native
447 silly REMOVE node_modules/named-placeholders
448 silly REMOVE node_modules/mysql2
449 silly REMOVE node_modules/lru.min
450 silly REMOVE node_modules/long
451 silly REMOVE node_modules/lodash
452 silly REMOVE node_modules/lilconfig
453 silly REMOVE node_modules/is-property
454 silly REMOVE node_modules/http-status-codes
455 silly REMOVE node_modules/iconv-lite
456 silly REMOVE node_modules/hono
457 silly REMOVE node_modules/graphmatch
458 silly REMOVE node_modules/grammex
459 silly REMOVE node_modules/giget
460 silly REMOVE node_modules/get-port-please
461 silly REMOVE node_modules/generate-function
462 silly REMOVE node_modules/foreground-child
463 silly REMOVE node_modules/fast-check
464 silly REMOVE node_modules/exsolve
465 silly REMOVE node_modules/empathic
466 silly REMOVE node_modules/effect
467 silly REMOVE node_modules/dotenv
468 silly REMOVE node_modules/destr
469 silly REMOVE node_modules/denque
470 silly REMOVE node_modules/defu
471 silly REMOVE node_modules/deepmerge-ts
472 silly REMOVE node_modules/consola
473 silly REMOVE node_modules/confbox
474 silly REMOVE node_modules/citty
475 silly REMOVE node_modules/chokidar
476 silly REMOVE node_modules/chevrotain
477 silly REMOVE node_modules/c12
478 silly REMOVE node_modules/aws-ssl-profiles
479 verbose cwd D:\nura ai
480 verbose os Windows_NT 10.0.22631
481 verbose node v22.14.0
482 verbose npm  v10.9.2
483 verbose exit 0
484 info ok
