0 verbose cli C:\Program Files\nodejs\node.exe C:\Program Files\nodejs\node_modules\npm\bin\npm-cli.js
1 info using npm@10.9.2
2 info using node@v22.14.0
3 silly config load:file:C:\Program Files\nodejs\node_modules\npm\npmrc
4 silly config load:file:D:\nura ai\.npmrc
5 error config prefix cannot be changed from project config: D:\nura ai\.npmrc.
6 silly config load:file:C:\Users\wafam\.npmrc
7 silly config load:file:d:\nura ai\.npm-global\etc\npmrc
8 verbose title npm run dev 3000
9 verbose argv "run" "dev" "--port" "3000"
10 verbose logfile logs-max:10 dir:d:\nura ai\.npm-cache\_logs\2026-03-06T21_55_57_618Z-
11 verbose logfile d:\nura ai\.npm-cache\_logs\2026-03-06T21_55_57_618Z-debug-0.log
12 silly logfile done cleaning log files
13 http fetch GET 200 https://registry.npmjs.org/npm 633ms
14 verbose cwd D:\nura ai
15 verbose os Windows_NT 10.0.22631
16 verbose node v22.14.0
17 verbose npm  v10.9.2
18 notice
18 notice New [31mmajor[39m version of npm available! [31m10.9.2[39m -> [34m11.11.0[39m
18 notice Changelog: [34mhttps://github.com/npm/cli/releases/tag/v11.11.0[39m
18 notice To update run: [4mnpm install -g npm@11.11.0[24m
18 notice  { force: true, [Symbol(proc-log.meta)]: true }
19 verbose exit 1
20 verbose code 1
